::1 - - [01/May/2019:23:46:42 -0500] "GET / HTTP/1.1" 302 - "-" "Mozilla/5.0 (Windows NT 10.0; Win64; x64) AppleWebKit/537.36 (KHTML, like Gecko) Chrome/73.0.3683.103 Safari/537.36"
::1 - - [01/May/2019:23:46:42 -0500] "GET /dashboard/ HTTP/1.1" 200 7576 "-" "Mozilla/5.0 (Windows NT 10.0; Win64; x64) AppleWebKit/537.36 (KHTML, like Gecko) Chrome/73.0.3683.103 Safari/537.36"
::1 - - [01/May/2019:23:46:42 -0500] "GET /dashboard/stylesheets/normalize.css HTTP/1.1" 200 6876 "http://localhost/dashboard/" "Mozilla/5.0 (Windows NT 10.0; Win64; x64) AppleWebKit/537.36 (KHTML, like Gecko) Chrome/73.0.3683.103 Safari/537.36"
::1 - - [01/May/2019:23:46:42 -0500] "GET /dashboard/javascripts/modernizr.js HTTP/1.1" 200 51365 "http://localhost/dashboard/" "Mozilla/5.0 (Windows NT 10.0; Win64; x64) AppleWebKit/537.36 (KHTML, like Gecko) Chrome/73.0.3683.103 Safari/537.36"
::1 - - [01/May/2019:23:46:42 -0500] "GET /dashboard/stylesheets/all.css HTTP/1.1" 200 481698 "http://localhost/dashboard/" "Mozilla/5.0 (Windows NT 10.0; Win64; x64) AppleWebKit/537.36 (KHTML, like Gecko) Chrome/73.0.3683.103 Safari/537.36"
::1 - - [01/May/2019:23:46:42 -0500] "GET /dashboard/images/xampp-logo.svg HTTP/1.1" 200 5427 "http://localhost/dashboard/" "Mozilla/5.0 (Windows NT 10.0; Win64; x64) AppleWebKit/537.36 (KHTML, like Gecko) Chrome/73.0.3683.103 Safari/537.36"
::1 - - [01/May/2019:23:46:42 -0500] "GET /dashboard/images/bitnami-xampp.png HTTP/1.1" 200 22133 "http://localhost/dashboard/" "Mozilla/5.0 (Windows NT 10.0; Win64; x64) AppleWebKit/537.36 (KHTML, like Gecko) Chrome/73.0.3683.103 Safari/537.36"
::1 - - [01/May/2019:23:46:42 -0500] "GET /dashboard/javascripts/all.js HTTP/1.1" 200 188385 "http://localhost/dashboard/" "Mozilla/5.0 (Windows NT 10.0; Win64; x64) AppleWebKit/537.36 (KHTML, like Gecko) Chrome/73.0.3683.103 Safari/537.36"
::1 - - [01/May/2019:23:46:42 -0500] "GET /dashboard/images/fastly-logo.png HTTP/1.1" 200 1770 "http://localhost/dashboard/" "Mozilla/5.0 (Windows NT 10.0; Win64; x64) AppleWebKit/537.36 (KHTML, like Gecko) Chrome/73.0.3683.103 Safari/537.36"
::1 - - [01/May/2019:23:46:42 -0500] "GET /dashboard/images/social-icons.png HTTP/1.1" 200 3361 "http://localhost/dashboard/stylesheets/all.css" "Mozilla/5.0 (Windows NT 10.0; Win64; x64) AppleWebKit/537.36 (KHTML, like Gecko) Chrome/73.0.3683.103 Safari/537.36"
::1 - - [01/May/2019:23:46:42 -0500] "GET /dashboard/images/favicon.png HTTP/1.1" 200 2508 "http://localhost/dashboard/" "Mozilla/5.0 (Windows NT 10.0; Win64; x64) AppleWebKit/537.36 (KHTML, like Gecko) Chrome/73.0.3683.103 Safari/537.36"
::1 - - [01/May/2019:23:47:04 -0500] "GET /dashboard/inicio HTTP/1.1" 404 1053 "-" "Mozilla/5.0 (Windows NT 10.0; Win64; x64) AppleWebKit/537.36 (KHTML, like Gecko) Chrome/73.0.3683.103 Safari/537.36"
::1 - - [01/May/2019:23:47:04 -0500] "GET /favicon.ico HTTP/1.1" 200 30894 "http://localhost/dashboard/inicio" "Mozilla/5.0 (Windows NT 10.0; Win64; x64) AppleWebKit/537.36 (KHTML, like Gecko) Chrome/73.0.3683.103 Safari/537.36"
::1 - - [01/May/2019:23:47:08 -0500] "GET /dashboard/inicio.html HTTP/1.1" 404 1053 "-" "Mozilla/5.0 (Windows NT 10.0; Win64; x64) AppleWebKit/537.36 (KHTML, like Gecko) Chrome/73.0.3683.103 Safari/537.36"
::1 - - [01/May/2019:23:53:38 -0500] "GET /dashboard HTTP/1.1" 301 334 "-" "Mozilla/5.0 (Windows NT 10.0; Win64; x64) AppleWebKit/537.36 (KHTML, like Gecko) Chrome/73.0.3683.103 Safari/537.36"
::1 - - [01/May/2019:23:53:38 -0500] "GET /dashboard/ HTTP/1.1" 304 - "-" "Mozilla/5.0 (Windows NT 10.0; Win64; x64) AppleWebKit/537.36 (KHTML, like Gecko) Chrome/73.0.3683.103 Safari/537.36"
::1 - - [01/May/2019:23:53:40 -0500] "GET /applications.html HTTP/1.1" 200 3833 "http://localhost/dashboard/" "Mozilla/5.0 (Windows NT 10.0; Win64; x64) AppleWebKit/537.36 (KHTML, like Gecko) Chrome/73.0.3683.103 Safari/537.36"
::1 - - [01/May/2019:23:53:40 -0500] "GET /bitnami.css HTTP/1.1" 200 177 "http://localhost/applications.html" "Mozilla/5.0 (Windows NT 10.0; Win64; x64) AppleWebKit/537.36 (KHTML, like Gecko) Chrome/73.0.3683.103 Safari/537.36"
::1 - - [01/May/2019:23:53:44 -0500] "GET /dashboard/faq.html HTTP/1.1" 200 31751 "http://localhost/applications.html" "Mozilla/5.0 (Windows NT 10.0; Win64; x64) AppleWebKit/537.36 (KHTML, like Gecko) Chrome/73.0.3683.103 Safari/537.36"
::1 - - [01/May/2019:23:53:44 -0500] "GET /dashboard/images/screenshots/xampp-windows-start.jpg HTTP/1.1" 200 491093 "http://localhost/dashboard/faq.html" "Mozilla/5.0 (Windows NT 10.0; Win64; x64) AppleWebKit/537.36 (KHTML, like Gecko) Chrome/73.0.3683.103 Safari/537.36"
::1 - - [01/May/2019:23:53:45 -0500] "GET /dashboard/howto.html HTTP/1.1" 200 6021 "http://localhost/dashboard/faq.html" "Mozilla/5.0 (Windows NT 10.0; Win64; x64) AppleWebKit/537.36 (KHTML, like Gecko) Chrome/73.0.3683.103 Safari/537.36"
::1 - - [01/May/2019:23:58:18 -0500] "GET /IS/inicio.html HTTP/1.1" 404 1053 "-" "Mozilla/5.0 (Windows NT 10.0; Win64; x64) AppleWebKit/537.36 (KHTML, like Gecko) Chrome/73.0.3683.103 Safari/537.36"
::1 - - [01/May/2019:23:58:26 -0500] "GET /IS/inicio.html HTTP/1.1" 404 1053 "-" "Mozilla/5.0 (Windows NT 10.0; Win64; x64) AppleWebKit/537.36 (KHTML, like Gecko) Chrome/73.0.3683.103 Safari/537.36"
::1 - - [02/May/2019:00:00:34 -0500] "GET /IS/inicio.html HTTP/1.1" 404 1053 "-" "Mozilla/5.0 (Windows NT 10.0; Win64; x64) AppleWebKit/537.36 (KHTML, like Gecko) Chrome/73.0.3683.103 Safari/537.36"
::1 - - [02/May/2019:00:00:36 -0500] "GET /IS/inicio.html HTTP/1.1" 404 1053 "-" "Mozilla/5.0 (Windows NT 10.0; Win64; x64) AppleWebKit/537.36 (KHTML, like Gecko) Chrome/73.0.3683.103 Safari/537.36"
::1 - - [02/May/2019:00:00:43 -0500] "GET /IS/inicio.html HTTP/1.1" 404 1053 "-" "Mozilla/5.0 (Windows NT 10.0; Win64; x64) AppleWebKit/537.36 (KHTML, like Gecko) Chrome/73.0.3683.103 Safari/537.36"
::1 - - [02/May/2019:00:00:43 -0500] "GET /favicon.ico HTTP/1.1" 200 30894 "http://localhost/IS/inicio.html" "Mozilla/5.0 (Windows NT 10.0; Win64; x64) AppleWebKit/537.36 (KHTML, like Gecko) Chrome/73.0.3683.103 Safari/537.36"
::1 - - [02/May/2019:00:00:47 -0500] "GET /IS/inicio.html HTTP/1.1" 404 1053 "-" "Mozilla/5.0 (Windows NT 10.0; Win64; x64) AppleWebKit/537.36 (KHTML, like Gecko) Chrome/73.0.3683.103 Safari/537.36"
::1 - - [02/May/2019:00:00:47 -0500] "GET /favicon.ico HTTP/1.1" 200 30894 "http://localhost/IS/inicio.html" "Mozilla/5.0 (Windows NT 10.0; Win64; x64) AppleWebKit/537.36 (KHTML, like Gecko) Chrome/73.0.3683.103 Safari/537.36"
::1 - - [02/May/2019:00:00:47 -0500] "GET /IS/inicio.html HTTP/1.1" 404 1053 "-" "Mozilla/5.0 (Windows NT 10.0; Win64; x64) AppleWebKit/537.36 (KHTML, like Gecko) Chrome/73.0.3683.103 Safari/537.36"
::1 - - [02/May/2019:00:00:47 -0500] "GET /favicon.ico HTTP/1.1" 200 30894 "http://localhost/IS/inicio.html" "Mozilla/5.0 (Windows NT 10.0; Win64; x64) AppleWebKit/537.36 (KHTML, like Gecko) Chrome/73.0.3683.103 Safari/537.36"
::1 - - [02/May/2019:00:00:48 -0500] "GET /IS/inicio.html HTTP/1.1" 404 1053 "-" "Mozilla/5.0 (Windows NT 10.0; Win64; x64) AppleWebKit/537.36 (KHTML, like Gecko) Chrome/73.0.3683.103 Safari/537.36"
::1 - - [02/May/2019:00:00:48 -0500] "GET /favicon.ico HTTP/1.1" 200 30894 "http://localhost/IS/inicio.html" "Mozilla/5.0 (Windows NT 10.0; Win64; x64) AppleWebKit/537.36 (KHTML, like Gecko) Chrome/73.0.3683.103 Safari/537.36"
::1 - - [02/May/2019:00:00:48 -0500] "GET /IS/inicio.html HTTP/1.1" 404 1053 "-" "Mozilla/5.0 (Windows NT 10.0; Win64; x64) AppleWebKit/537.36 (KHTML, like Gecko) Chrome/73.0.3683.103 Safari/537.36"
::1 - - [02/May/2019:00:00:48 -0500] "GET /favicon.ico HTTP/1.1" 200 30894 "http://localhost/IS/inicio.html" "Mozilla/5.0 (Windows NT 10.0; Win64; x64) AppleWebKit/537.36 (KHTML, like Gecko) Chrome/73.0.3683.103 Safari/537.36"
::1 - - [02/May/2019:00:00:48 -0500] "GET /IS/inicio.html HTTP/1.1" 404 1053 "-" "Mozilla/5.0 (Windows NT 10.0; Win64; x64) AppleWebKit/537.36 (KHTML, like Gecko) Chrome/73.0.3683.103 Safari/537.36"
::1 - - [02/May/2019:00:00:48 -0500] "GET /favicon.ico HTTP/1.1" 200 30894 "http://localhost/IS/inicio.html" "Mozilla/5.0 (Windows NT 10.0; Win64; x64) AppleWebKit/537.36 (KHTML, like Gecko) Chrome/73.0.3683.103 Safari/537.36"
::1 - - [02/May/2019:00:00:48 -0500] "GET /IS/inicio.html HTTP/1.1" 404 1053 "-" "Mozilla/5.0 (Windows NT 10.0; Win64; x64) AppleWebKit/537.36 (KHTML, like Gecko) Chrome/73.0.3683.103 Safari/537.36"
::1 - - [02/May/2019:00:00:48 -0500] "GET /favicon.ico HTTP/1.1" 200 30894 "http://localhost/IS/inicio.html" "Mozilla/5.0 (Windows NT 10.0; Win64; x64) AppleWebKit/537.36 (KHTML, like Gecko) Chrome/73.0.3683.103 Safari/537.36"
::1 - - [02/May/2019:00:01:12 -0500] "GET /IS/inicio.html HTTP/1.1" 200 2379 "-" "Mozilla/5.0 (Windows NT 10.0; Win64; x64) AppleWebKit/537.36 (KHTML, like Gecko) Chrome/73.0.3683.103 Safari/537.36"
::1 - - [02/May/2019:00:01:12 -0500] "GET /IS/estilos.css HTTP/1.1" 200 1513 "http://localhost/IS/inicio.html" "Mozilla/5.0 (Windows NT 10.0; Win64; x64) AppleWebKit/537.36 (KHTML, like Gecko) Chrome/73.0.3683.103 Safari/537.36"
::1 - - [02/May/2019:00:01:17 -0500] "GET /IS/altasE.html HTTP/1.1" 200 3575 "http://localhost/IS/inicio.html" "Mozilla/5.0 (Windows NT 10.0; Win64; x64) AppleWebKit/537.36 (KHTML, like Gecko) Chrome/73.0.3683.103 Safari/537.36"
::1 - - [02/May/2019:00:01:24 -0500] "GET /IS/ConsultaVehiculos.html HTTP/1.1" 200 2163 "http://localhost/IS/inicio.html" "Mozilla/5.0 (Windows NT 10.0; Win64; x64) AppleWebKit/537.36 (KHTML, like Gecko) Chrome/73.0.3683.103 Safari/537.36"
::1 - - [02/May/2019:00:01:24 -0500] "GET /IS/jquery.min.js HTTP/1.1" 200 282113 "http://localhost/IS/ConsultaVehiculos.html" "Mozilla/5.0 (Windows NT 10.0; Win64; x64) AppleWebKit/537.36 (KHTML, like Gecko) Chrome/73.0.3683.103 Safari/537.36"
::1 - - [02/May/2019:00:01:24 -0500] "GET /IS/mainvehi.js HTTP/1.1" 200 431 "http://localhost/IS/ConsultaVehiculos.html" "Mozilla/5.0 (Windows NT 10.0; Win64; x64) AppleWebKit/537.36 (KHTML, like Gecko) Chrome/73.0.3683.103 Safari/537.36"
::1 - - [02/May/2019:00:01:25 -0500] "POST /IS/buscarvehi.php HTTP/1.1" 200 627 "http://localhost/IS/ConsultaVehiculos.html" "Mozilla/5.0 (Windows NT 10.0; Win64; x64) AppleWebKit/537.36 (KHTML, like Gecko) Chrome/73.0.3683.103 Safari/537.36"
::1 - - [02/May/2019:00:01:27 -0500] "GET /IS/RegistrarAseguradora.php HTTP/1.1" 200 5895 "http://localhost/IS/inicio.html" "Mozilla/5.0 (Windows NT 10.0; Win64; x64) AppleWebKit/537.36 (KHTML, like Gecko) Chrome/73.0.3683.103 Safari/537.36"
::1 - - [02/May/2019:00:01:29 -0500] "GET /IS/ConsultaAseguradoras.html HTTP/1.1" 200 1609 "http://localhost/IS/inicio.html" "Mozilla/5.0 (Windows NT 10.0; Win64; x64) AppleWebKit/537.36 (KHTML, like Gecko) Chrome/73.0.3683.103 Safari/537.36"
::1 - - [02/May/2019:00:01:29 -0500] "GET /IS/main.js HTTP/1.1" 200 427 "http://localhost/IS/ConsultaAseguradoras.html" "Mozilla/5.0 (Windows NT 10.0; Win64; x64) AppleWebKit/537.36 (KHTML, like Gecko) Chrome/73.0.3683.103 Safari/537.36"
::1 - - [02/May/2019:00:01:29 -0500] "POST /IS/buscar.php HTTP/1.1" 200 610 "http://localhost/IS/ConsultaAseguradoras.html" "Mozilla/5.0 (Windows NT 10.0; Win64; x64) AppleWebKit/537.36 (KHTML, like Gecko) Chrome/73.0.3683.103 Safari/537.36"
::1 - - [02/May/2019:00:07:41 -0500] "GET /IS/inicio.html HTTP/1.1" 304 - "-" "Mozilla/5.0 (Windows NT 10.0; Win64; x64) AppleWebKit/537.36 (KHTML, like Gecko) Chrome/73.0.3683.103 Safari/537.36"
::1 - - [02/May/2019:00:07:41 -0500] "GET /favicon.ico HTTP/1.1" 200 30894 "http://localhost/IS/inicio.html" "Mozilla/5.0 (Windows NT 10.0; Win64; x64) AppleWebKit/537.36 (KHTML, like Gecko) Chrome/73.0.3683.103 Safari/537.36"
::1 - - [02/May/2019:00:07:44 -0500] "POST /IS/altasp.php HTTP/1.1" 200 2866 "http://localhost/IS/altasE.html" "Mozilla/5.0 (Windows NT 10.0; Win64; x64) AppleWebKit/537.36 (KHTML, like Gecko) Chrome/73.0.3683.103 Safari/537.36"
::1 - - [02/May/2019:00:07:44 -0500] "GET /IS/jquery-1.11.2.js HTTP/1.1" 404 1201 "http://localhost/IS/altasp.php" "Mozilla/5.0 (Windows NT 10.0; Win64; x64) AppleWebKit/537.36 (KHTML, like Gecko) Chrome/73.0.3683.103 Safari/537.36"
::1 - - [02/May/2019:00:07:48 -0500] "POST /IS/buscar.php HTTP/1.1" 200 610 "http://localhost/IS/ConsultaAseguradoras.html" "Mozilla/5.0 (Windows NT 10.0; Win64; x64) AppleWebKit/537.36 (KHTML, like Gecko) Chrome/73.0.3683.103 Safari/537.36"
::1 - - [02/May/2019:00:08:26 -0500] "GET / HTTP/1.1" 302 - "-" "Mozilla/5.0 (Windows NT 10.0; Win64; x64) AppleWebKit/537.36 (KHTML, like Gecko) Chrome/73.0.3683.103 Safari/537.36"
::1 - - [02/May/2019:00:30:07 -0500] "GET /phpmyadmin/ HTTP/1.1" 200 13210 "-" "Mozilla/5.0 (Windows NT 10.0; Win64; x64) AppleWebKit/537.36 (KHTML, like Gecko) Chrome/73.0.3683.103 Safari/537.36"
::1 - - [02/May/2019:00:30:07 -0500] "GET /phpmyadmin/ HTTP/1.1" 200 13183 "-" "Mozilla/5.0 (Windows NT 10.0; Win64; x64) AppleWebKit/537.36 (KHTML, like Gecko) Chrome/73.0.3683.103 Safari/537.36"
::1 - - [02/May/2019:00:30:08 -0500] "GET /phpmyadmin/themes/pmahomme/jquery/jquery-ui.css HTTP/1.1" 200 36566 "-" "Mozilla/5.0 (Windows NT 10.0; Win64; x64) AppleWebKit/537.36 (KHTML, like Gecko) Chrome/73.0.3683.103 Safari/537.36"
::1 - - [02/May/2019:00:30:08 -0500] "GET /phpmyadmin/js/vendor/codemirror/lib/codemirror.css?v=4.8.5 HTTP/1.1" 200 8542 "-" "Mozilla/5.0 (Windows NT 10.0; Win64; x64) AppleWebKit/537.36 (KHTML, like Gecko) Chrome/73.0.3683.103 Safari/537.36"
::1 - - [02/May/2019:00:30:08 -0500] "GET /phpmyadmin/js/vendor/codemirror/addon/hint/show-hint.css?v=4.8.5 HTTP/1.1" 200 623 "-" "Mozilla/5.0 (Windows NT 10.0; Win64; x64) AppleWebKit/537.36 (KHTML, like Gecko) Chrome/73.0.3683.103 Safari/537.36"
::1 - - [02/May/2019:00:30:08 -0500] "GET /phpmyadmin/js/vendor/codemirror/addon/lint/lint.css?v=4.8.5 HTTP/1.1" 200 2999 "-" "Mozilla/5.0 (Windows NT 10.0; Win64; x64) AppleWebKit/537.36 (KHTML, like Gecko) Chrome/73.0.3683.103 Safari/537.36"
::1 - - [02/May/2019:00:30:08 -0500] "GET /phpmyadmin/js/ajax.js?v=4.8.5 HTTP/1.1" 200 31246 "-" "Mozilla/5.0 (Windows NT 10.0; Win64; x64) AppleWebKit/537.36 (KHTML, like Gecko) Chrome/73.0.3683.103 Safari/537.36"
::1 - - [02/May/2019:00:30:08 -0500] "GET /phpmyadmin/js/vendor/sprintf.js?v=4.8.5 HTTP/1.1" 200 7387 "-" "Mozilla/5.0 (Windows NT 10.0; Win64; x64) AppleWebKit/537.36 (KHTML, like Gecko) Chrome/73.0.3683.103 Safari/537.36"
::1 - - [02/May/2019:00:30:08 -0500] "GET /phpmyadmin/js/vendor/jquery/jquery-migrate.js?v=4.8.5 HTTP/1.1" 200 17813 "-" "Mozilla/5.0 (Windows NT 10.0; Win64; x64) AppleWebKit/537.36 (KHTML, like Gecko) Chrome/73.0.3683.103 Safari/537.36"
::1 - - [02/May/2019:00:30:08 -0500] "GET /phpmyadmin/js/vendor/jquery/jquery.min.js?v=4.8.5 HTTP/1.1" 200 86927 "-" "Mozilla/5.0 (Windows NT 10.0; Win64; x64) AppleWebKit/537.36 (KHTML, like Gecko) Chrome/73.0.3683.103 Safari/537.36"
::1 - - [02/May/2019:00:30:08 -0500] "GET /phpmyadmin/js/keyhandler.js?v=4.8.5 HTTP/1.1" 200 3333 "-" "Mozilla/5.0 (Windows NT 10.0; Win64; x64) AppleWebKit/537.36 (KHTML, like Gecko) Chrome/73.0.3683.103 Safari/537.36"
::1 - - [02/May/2019:00:30:08 -0500] "GET /phpmyadmin/js/vendor/js.cookie.js?v=4.8.5 HTTP/1.1" 200 3886 "-" "Mozilla/5.0 (Windows NT 10.0; Win64; x64) AppleWebKit/537.36 (KHTML, like Gecko) Chrome/73.0.3683.103 Safari/537.36"
::1 - - [02/May/2019:00:30:08 -0500] "GET /phpmyadmin/js/vendor/jquery/jquery.mousewheel.js?v=4.8.5 HTTP/1.1" 200 8267 "-" "Mozilla/5.0 (Windows NT 10.0; Win64; x64) AppleWebKit/537.36 (KHTML, like Gecko) Chrome/73.0.3683.103 Safari/537.36"
::1 - - [02/May/2019:00:30:08 -0500] "GET /phpmyadmin/js/vendor/jquery/jquery-ui.min.js?v=4.8.5 HTTP/1.1" 200 253681 "-" "Mozilla/5.0 (Windows NT 10.0; Win64; x64) AppleWebKit/537.36 (KHTML, like Gecko) Chrome/73.0.3683.103 Safari/537.36"
::1 - - [02/May/2019:00:30:08 -0500] "GET /phpmyadmin/js/vendor/jquery/jquery.event.drag-2.2.js?v=4.8.5 HTTP/1.1" 200 12826 "-" "Mozilla/5.0 (Windows NT 10.0; Win64; x64) AppleWebKit/537.36 (KHTML, like Gecko) Chrome/73.0.3683.103 Safari/537.36"
::1 - - [02/May/2019:00:30:08 -0500] "GET /phpmyadmin/js/vendor/jquery/jquery.validate.js?v=4.8.5 HTTP/1.1" 200 48696 "-" "Mozilla/5.0 (Windows NT 10.0; Win64; x64) AppleWebKit/537.36 (KHTML, like Gecko) Chrome/73.0.3683.103 Safari/537.36"
::1 - - [02/May/2019:00:30:08 -0500] "GET /phpmyadmin/js/vendor/jquery/jquery-ui-timepicker-addon.js?v=4.8.5 HTTP/1.1" 200 78475 "-" "Mozilla/5.0 (Windows NT 10.0; Win64; x64) AppleWebKit/537.36 (KHTML, like Gecko) Chrome/73.0.3683.103 Safari/537.36"
::1 - - [02/May/2019:00:30:08 -0500] "GET /phpmyadmin/js/vendor/jquery/jquery.ba-hashchange-1.3.js?v=4.8.5 HTTP/1.1" 200 16522 "-" "Mozilla/5.0 (Windows NT 10.0; Win64; x64) AppleWebKit/537.36 (KHTML, like Gecko) Chrome/73.0.3683.103 Safari/537.36"
::1 - - [02/May/2019:00:30:08 -0500] "GET /phpmyadmin/js/vendor/jquery/jquery.debounce-1.0.5.js?v=4.8.5 HTTP/1.1" 200 1169 "-" "Mozilla/5.0 (Windows NT 10.0; Win64; x64) AppleWebKit/537.36 (KHTML, like Gecko) Chrome/73.0.3683.103 Safari/537.36"
::1 - - [02/May/2019:00:30:08 -0500] "GET /phpmyadmin/js/menu-resizer.js?v=4.8.5 HTTP/1.1" 200 8318 "-" "Mozilla/5.0 (Windows NT 10.0; Win64; x64) AppleWebKit/537.36 (KHTML, like Gecko) Chrome/73.0.3683.103 Safari/537.36"
::1 - - [02/May/2019:00:30:08 -0500] "GET /phpmyadmin/js/cross_framing_protection.js?v=4.8.5 HTTP/1.1" 200 471 "-" "Mozilla/5.0 (Windows NT 10.0; Win64; x64) AppleWebKit/537.36 (KHTML, like Gecko) Chrome/73.0.3683.103 Safari/537.36"
::1 - - [02/May/2019:00:30:08 -0500] "GET /phpmyadmin/js/rte.js?v=4.8.5 HTTP/1.1" 200 47688 "-" "Mozilla/5.0 (Windows NT 10.0; Win64; x64) AppleWebKit/537.36 (KHTML, like Gecko) Chrome/73.0.3683.103 Safari/537.36"
::1 - - [02/May/2019:00:30:08 -0500] "GET /phpmyadmin/js/vendor/tracekit.js?v=4.8.5 HTTP/1.1" 200 45389 "-" "Mozilla/5.0 (Windows NT 10.0; Win64; x64) AppleWebKit/537.36 (KHTML, like Gecko) Chrome/73.0.3683.103 Safari/537.36"
::1 - - [02/May/2019:00:30:08 -0500] "GET /phpmyadmin/js/error_report.js?v=4.8.5 HTTP/1.1" 200 10098 "-" "Mozilla/5.0 (Windows NT 10.0; Win64; x64) AppleWebKit/537.36 (KHTML, like Gecko) Chrome/73.0.3683.103 Safari/537.36"
::1 - - [02/May/2019:00:30:08 -0500] "GET /phpmyadmin/js/config.js?v=4.8.5 HTTP/1.1" 200 26929 "-" "Mozilla/5.0 (Windows NT 10.0; Win64; x64) AppleWebKit/537.36 (KHTML, like Gecko) Chrome/73.0.3683.103 Safari/537.36"
::1 - - [02/May/2019:00:30:08 -0500] "GET /phpmyadmin/js/doclinks.js?v=4.8.5 HTTP/1.1" 200 20643 "-" "Mozilla/5.0 (Windows NT 10.0; Win64; x64) AppleWebKit/537.36 (KHTML, like Gecko) Chrome/73.0.3683.103 Safari/537.36"
::1 - - [02/May/2019:00:30:08 -0500] "GET /phpmyadmin/js/functions.js?v=4.8.5 HTTP/1.1" 200 173667 "-" "Mozilla/5.0 (Windows NT 10.0; Win64; x64) AppleWebKit/537.36 (KHTML, like Gecko) Chrome/73.0.3683.103 Safari/537.36"
::1 - - [02/May/2019:00:30:08 -0500] "GET /phpmyadmin/js/indexes.js?v=4.8.5 HTTP/1.1" 200 27242 "-" "Mozilla/5.0 (Windows NT 10.0; Win64; x64) AppleWebKit/537.36 (KHTML, like Gecko) Chrome/73.0.3683.103 Safari/537.36"
::1 - - [02/May/2019:00:30:08 -0500] "GET /phpmyadmin/js/navigation.js?v=4.8.5 HTTP/1.1" 200 60076 "-" "Mozilla/5.0 (Windows NT 10.0; Win64; x64) AppleWebKit/537.36 (KHTML, like Gecko) Chrome/73.0.3683.103 Safari/537.36"
::1 - - [02/May/2019:00:30:08 -0500] "GET /phpmyadmin/js/common.js?v=4.8.5 HTTP/1.1" 200 19168 "-" "Mozilla/5.0 (Windows NT 10.0; Win64; x64) AppleWebKit/537.36 (KHTML, like Gecko) Chrome/73.0.3683.103 Safari/537.36"
::1 - - [02/May/2019:00:30:08 -0500] "GET /phpmyadmin/js/page_settings.js?v=4.8.5 HTTP/1.1" 200 1749 "-" "Mozilla/5.0 (Windows NT 10.0; Win64; x64) AppleWebKit/537.36 (KHTML, like Gecko) Chrome/73.0.3683.103 Safari/537.36"
::1 - - [02/May/2019:00:30:08 -0500] "GET /phpmyadmin/js/shortcuts_handler.js?v=4.8.5 HTTP/1.1" 200 3264 "-" "Mozilla/5.0 (Windows NT 10.0; Win64; x64) AppleWebKit/537.36 (KHTML, like Gecko) Chrome/73.0.3683.103 Safari/537.36"
::1 - - [02/May/2019:00:30:08 -0500] "GET /phpmyadmin/js/vendor/codemirror/mode/sql/sql.js?v=4.8.5 HTTP/1.1" 200 45323 "-" "Mozilla/5.0 (Windows NT 10.0; Win64; x64) AppleWebKit/537.36 (KHTML, like Gecko) Chrome/73.0.3683.103 Safari/537.36"
::1 - - [02/May/2019:00:30:08 -0500] "GET /phpmyadmin/js/vendor/codemirror/addon/runmode/runmode.js?v=4.8.5 HTTP/1.1" 200 2499 "-" "Mozilla/5.0 (Windows NT 10.0; Win64; x64) AppleWebKit/537.36 (KHTML, like Gecko) Chrome/73.0.3683.103 Safari/537.36"
::1 - - [02/May/2019:00:30:08 -0500] "GET /phpmyadmin/js/vendor/codemirror/lib/codemirror.js?v=4.8.5 HTTP/1.1" 200 373234 "-" "Mozilla/5.0 (Windows NT 10.0; Win64; x64) AppleWebKit/537.36 (KHTML, like Gecko) Chrome/73.0.3683.103 Safari/537.36"
::1 - - [02/May/2019:00:30:08 -0500] "GET /phpmyadmin/js/vendor/codemirror/addon/hint/show-hint.js?v=4.8.5 HTTP/1.1" 200 15909 "-" "Mozilla/5.0 (Windows NT 10.0; Win64; x64) AppleWebKit/537.36 (KHTML, like Gecko) Chrome/73.0.3683.103 Safari/537.36"
::1 - - [02/May/2019:00:30:08 -0500] "GET /phpmyadmin/js/vendor/codemirror/addon/hint/sql-hint.js?v=4.8.5 HTTP/1.1" 200 9148 "-" "Mozilla/5.0 (Windows NT 10.0; Win64; x64) AppleWebKit/537.36 (KHTML, like Gecko) Chrome/73.0.3683.103 Safari/537.36"
::1 - - [02/May/2019:00:30:08 -0500] "GET /phpmyadmin/js/vendor/codemirror/addon/lint/lint.js?v=4.8.5 HTTP/1.1" 200 8609 "-" "Mozilla/5.0 (Windows NT 10.0; Win64; x64) AppleWebKit/537.36 (KHTML, like Gecko) Chrome/73.0.3683.103 Safari/537.36"
::1 - - [02/May/2019:00:30:08 -0500] "GET /phpmyadmin/js/console.js?v=4.8.5 HTTP/1.1" 200 57278 "-" "Mozilla/5.0 (Windows NT 10.0; Win64; x64) AppleWebKit/537.36 (KHTML, like Gecko) Chrome/73.0.3683.103 Safari/537.36"
::1 - - [02/May/2019:00:30:08 -0500] "GET /phpmyadmin/js/codemirror/addon/lint/sql-lint.js?v=4.8.5 HTTP/1.1" 200 1048 "-" "Mozilla/5.0 (Windows NT 10.0; Win64; x64) AppleWebKit/537.36 (KHTML, like Gecko) Chrome/73.0.3683.103 Safari/537.36"
::1 - - [02/May/2019:00:30:08 -0500] "GET /phpmyadmin/themes/pmahomme/img/logo_left.png HTTP/1.1" 200 2713 "-" "Mozilla/5.0 (Windows NT 10.0; Win64; x64) AppleWebKit/537.36 (KHTML, like Gecko) Chrome/73.0.3683.103 Safari/537.36"
::1 - - [02/May/2019:00:30:08 -0500] "GET /phpmyadmin/themes/dot.gif HTTP/1.1" 200 43 "-" "Mozilla/5.0 (Windows NT 10.0; Win64; x64) AppleWebKit/537.36 (KHTML, like Gecko) Chrome/73.0.3683.103 Safari/537.36"
::1 - - [02/May/2019:00:30:08 -0500] "GET /phpmyadmin/js/whitelist.php?v=4.8.5&lang=en HTTP/1.1" 200 57 "-" "Mozilla/5.0 (Windows NT 10.0; Win64; x64) AppleWebKit/537.36 (KHTML, like Gecko) Chrome/73.0.3683.103 Safari/537.36"
::1 - - [02/May/2019:00:30:08 -0500] "GET /phpmyadmin/themes/pmahomme/css/printview.css?v=4.8.5 HTTP/1.1" 200 2746 "-" "Mozilla/5.0 (Windows NT 10.0; Win64; x64) AppleWebKit/537.36 (KHTML, like Gecko) Chrome/73.0.3683.103 Safari/537.36"
::1 - - [02/May/2019:00:30:08 -0500] "GET /phpmyadmin/phpmyadmin.css.php?nocache=6100889461ltr&server=1 HTTP/1.1" 200 20760 "-" "Mozilla/5.0 (Windows NT 10.0; Win64; x64) AppleWebKit/537.36 (KHTML, like Gecko) Chrome/73.0.3683.103 Safari/537.36"
::1 - - [02/May/2019:00:30:08 -0500] "GET /phpmyadmin/js/messages.php?l=en&v=4.8.5&lang=en HTTP/1.1" 200 8822 "-" "Mozilla/5.0 (Windows NT 10.0; Win64; x64) AppleWebKit/537.36 (KHTML, like Gecko) Chrome/73.0.3683.103 Safari/537.36"
::1 - - [02/May/2019:00:30:08 -0500] "GET /phpmyadmin/themes/pmahomme/img/left_nav_bg.png HTTP/1.1" 200 146 "http://localhost/phpmyadmin/phpmyadmin.css.php?nocache=6100889461ltr&server=1" "Mozilla/5.0 (Windows NT 10.0; Win64; x64) AppleWebKit/537.36 (KHTML, like Gecko) Chrome/73.0.3683.103 Safari/537.36"
::1 - - [02/May/2019:00:30:08 -0500] "GET /phpmyadmin/themes/pmahomme/img/b_home.png HTTP/1.1" 200 734 "http://localhost/phpmyadmin/phpmyadmin.css.php?nocache=6100889461ltr&server=1" "Mozilla/5.0 (Windows NT 10.0; Win64; x64) AppleWebKit/537.36 (KHTML, like Gecko) Chrome/73.0.3683.103 Safari/537.36"
::1 - - [02/May/2019:00:30:08 -0500] "GET /phpmyadmin/themes/pmahomme/img/s_loggoff.png HTTP/1.1" 200 626 "http://localhost/phpmyadmin/phpmyadmin.css.php?nocache=6100889461ltr&server=1" "Mozilla/5.0 (Windows NT 10.0; Win64; x64) AppleWebKit/537.36 (KHTML, like Gecko) Chrome/73.0.3683.103 Safari/537.36"
::1 - - [02/May/2019:00:30:08 -0500] "GET /phpmyadmin/themes/pmahomme/img/b_docs.png HTTP/1.1" 200 705 "http://localhost/phpmyadmin/phpmyadmin.css.php?nocache=6100889461ltr&server=1" "Mozilla/5.0 (Windows NT 10.0; Win64; x64) AppleWebKit/537.36 (KHTML, like Gecko) Chrome/73.0.3683.103 Safari/537.36"
::1 - - [02/May/2019:00:30:08 -0500] "GET /phpmyadmin/themes/pmahomme/img/b_sqlhelp.png HTTP/1.1" 200 512 "http://localhost/phpmyadmin/phpmyadmin.css.php?nocache=6100889461ltr&server=1" "Mozilla/5.0 (Windows NT 10.0; Win64; x64) AppleWebKit/537.36 (KHTML, like Gecko) Chrome/73.0.3683.103 Safari/537.36"
::1 - - [02/May/2019:00:30:08 -0500] "GET /phpmyadmin/themes/pmahomme/img/s_cog.png HTTP/1.1" 200 442 "http://localhost/phpmyadmin/phpmyadmin.css.php?nocache=6100889461ltr&server=1" "Mozilla/5.0 (Windows NT 10.0; Win64; x64) AppleWebKit/537.36 (KHTML, like Gecko) Chrome/73.0.3683.103 Safari/537.36"
::1 - - [02/May/2019:00:30:08 -0500] "GET /phpmyadmin/themes/pmahomme/img/s_reload.png HTTP/1.1" 200 527 "http://localhost/phpmyadmin/phpmyadmin.css.php?nocache=6100889461ltr&server=1" "Mozilla/5.0 (Windows NT 10.0; Win64; x64) AppleWebKit/537.36 (KHTML, like Gecko) Chrome/73.0.3683.103 Safari/537.36"
::1 - - [02/May/2019:00:30:08 -0500] "GET /phpmyadmin/themes/pmahomme/img/ajax_clock_small.gif HTTP/1.1" 200 1810 "http://localhost/phpmyadmin/phpmyadmin.css.php?nocache=6100889461ltr&server=1" "Mozilla/5.0 (Windows NT 10.0; Win64; x64) AppleWebKit/537.36 (KHTML, like Gecko) Chrome/73.0.3683.103 Safari/537.36"
::1 - - [02/May/2019:00:30:08 -0500] "GET /phpmyadmin/themes/pmahomme/img/s_link.png HTTP/1.1" 200 280 "http://localhost/phpmyadmin/phpmyadmin.css.php?nocache=6100889461ltr&server=1" "Mozilla/5.0 (Windows NT 10.0; Win64; x64) AppleWebKit/537.36 (KHTML, like Gecko) Chrome/73.0.3683.103 Safari/537.36"
::1 - - [02/May/2019:00:30:08 -0500] "GET /phpmyadmin/themes/pmahomme/img/s_db.png HTTP/1.1" 200 328 "http://localhost/phpmyadmin/phpmyadmin.css.php?nocache=6100889461ltr&server=1" "Mozilla/5.0 (Windows NT 10.0; Win64; x64) AppleWebKit/537.36 (KHTML, like Gecko) Chrome/73.0.3683.103 Safari/537.36"
::1 - - [02/May/2019:00:30:08 -0500] "GET /phpmyadmin/themes/pmahomme/img/b_plus.png HTTP/1.1" 200 143 "http://localhost/phpmyadmin/phpmyadmin.css.php?nocache=6100889461ltr&server=1" "Mozilla/5.0 (Windows NT 10.0; Win64; x64) AppleWebKit/537.36 (KHTML, like Gecko) Chrome/73.0.3683.103 Safari/537.36"
::1 - - [02/May/2019:00:30:08 -0500] "GET /phpmyadmin/themes/pmahomme/img/b_newdb.png HTTP/1.1" 200 585 "http://localhost/phpmyadmin/phpmyadmin.css.php?nocache=6100889461ltr&server=1" "Mozilla/5.0 (Windows NT 10.0; Win64; x64) AppleWebKit/537.36 (KHTML, like Gecko) Chrome/73.0.3683.103 Safari/537.36"
::1 - - [02/May/2019:00:30:08 -0500] "GET /phpmyadmin/themes/pmahomme/img/s_host.png HTTP/1.1" 200 591 "http://localhost/phpmyadmin/phpmyadmin.css.php?nocache=6100889461ltr&server=1" "Mozilla/5.0 (Windows NT 10.0; Win64; x64) AppleWebKit/537.36 (KHTML, like Gecko) Chrome/73.0.3683.103 Safari/537.36"
::1 - - [02/May/2019:00:30:08 -0500] "GET /phpmyadmin/themes/pmahomme/img/b_export.png HTTP/1.1" 200 514 "http://localhost/phpmyadmin/phpmyadmin.css.php?nocache=6100889461ltr&server=1" "Mozilla/5.0 (Windows NT 10.0; Win64; x64) AppleWebKit/537.36 (KHTML, like Gecko) Chrome/73.0.3683.103 Safari/537.36"
::1 - - [02/May/2019:00:30:08 -0500] "GET /phpmyadmin/themes/pmahomme/img/s_status.png HTTP/1.1" 200 600 "http://localhost/phpmyadmin/phpmyadmin.css.php?nocache=6100889461ltr&server=1" "Mozilla/5.0 (Windows NT 10.0; Win64; x64) AppleWebKit/537.36 (KHTML, like Gecko) Chrome/73.0.3683.103 Safari/537.36"
::1 - - [02/May/2019:00:30:08 -0500] "GET /phpmyadmin/themes/pmahomme/img/s_rights.png HTTP/1.1" 200 461 "http://localhost/phpmyadmin/phpmyadmin.css.php?nocache=6100889461ltr&server=1" "Mozilla/5.0 (Windows NT 10.0; Win64; x64) AppleWebKit/537.36 (KHTML, like Gecko) Chrome/73.0.3683.103 Safari/537.36"
::1 - - [02/May/2019:00:30:08 -0500] "GET /phpmyadmin/themes/pmahomme/img/b_import.png HTTP/1.1" 200 556 "http://localhost/phpmyadmin/phpmyadmin.css.php?nocache=6100889461ltr&server=1" "Mozilla/5.0 (Windows NT 10.0; Win64; x64) AppleWebKit/537.36 (KHTML, like Gecko) Chrome/73.0.3683.103 Safari/537.36"
::1 - - [02/May/2019:00:30:08 -0500] "GET /phpmyadmin/themes/pmahomme/img/b_sql.png HTTP/1.1" 200 680 "http://localhost/phpmyadmin/phpmyadmin.css.php?nocache=6100889461ltr&server=1" "Mozilla/5.0 (Windows NT 10.0; Win64; x64) AppleWebKit/537.36 (KHTML, like Gecko) Chrome/73.0.3683.103 Safari/537.36"
::1 - - [02/May/2019:00:30:08 -0500] "GET /phpmyadmin/themes/pmahomme/img/b_tblops.png HTTP/1.1" 200 537 "http://localhost/phpmyadmin/phpmyadmin.css.php?nocache=6100889461ltr&server=1" "Mozilla/5.0 (Windows NT 10.0; Win64; x64) AppleWebKit/537.36 (KHTML, like Gecko) Chrome/73.0.3683.103 Safari/537.36"
::1 - - [02/May/2019:00:30:08 -0500] "GET /phpmyadmin/themes/pmahomme/img/s_vars.png HTTP/1.1" 200 523 "http://localhost/phpmyadmin/phpmyadmin.css.php?nocache=6100889461ltr&server=1" "Mozilla/5.0 (Windows NT 10.0; Win64; x64) AppleWebKit/537.36 (KHTML, like Gecko) Chrome/73.0.3683.103 Safari/537.36"
::1 - - [02/May/2019:00:30:08 -0500] "GET /phpmyadmin/themes/pmahomme/img/s_asci.png HTTP/1.1" 200 148 "http://localhost/phpmyadmin/phpmyadmin.css.php?nocache=6100889461ltr&server=1" "Mozilla/5.0 (Windows NT 10.0; Win64; x64) AppleWebKit/537.36 (KHTML, like Gecko) Chrome/73.0.3683.103 Safari/537.36"
::1 - - [02/May/2019:00:30:08 -0500] "GET /phpmyadmin/themes/pmahomme/img/b_plugin.png HTTP/1.1" 200 512 "http://localhost/phpmyadmin/phpmyadmin.css.php?nocache=6100889461ltr&server=1" "Mozilla/5.0 (Windows NT 10.0; Win64; x64) AppleWebKit/537.36 (KHTML, like Gecko) Chrome/73.0.3683.103 Safari/537.36"
::1 - - [02/May/2019:00:30:08 -0500] "GET /phpmyadmin/themes/pmahomme/img/s_replication.png HTTP/1.1" 200 399 "http://localhost/phpmyadmin/phpmyadmin.css.php?nocache=6100889461ltr&server=1" "Mozilla/5.0 (Windows NT 10.0; Win64; x64) AppleWebKit/537.36 (KHTML, like Gecko) Chrome/73.0.3683.103 Safari/537.36"
::1 - - [02/May/2019:00:30:08 -0500] "GET /phpmyadmin/themes/pmahomme/img/b_engine.png HTTP/1.1" 200 398 "http://localhost/phpmyadmin/phpmyadmin.css.php?nocache=6100889461ltr&server=1" "Mozilla/5.0 (Windows NT 10.0; Win64; x64) AppleWebKit/537.36 (KHTML, like Gecko) Chrome/73.0.3683.103 Safari/537.36"
::1 - - [02/May/2019:00:30:08 -0500] "GET /phpmyadmin/themes/pmahomme/img/s_top.png HTTP/1.1" 200 220 "http://localhost/phpmyadmin/phpmyadmin.css.php?nocache=6100889461ltr&server=1" "Mozilla/5.0 (Windows NT 10.0; Win64; x64) AppleWebKit/537.36 (KHTML, like Gecko) Chrome/73.0.3683.103 Safari/537.36"
::1 - - [02/May/2019:00:30:08 -0500] "GET /phpmyadmin/themes/pmahomme/img/console.png HTTP/1.1" 200 292 "http://localhost/phpmyadmin/phpmyadmin.css.php?nocache=6100889461ltr&server=1" "Mozilla/5.0 (Windows NT 10.0; Win64; x64) AppleWebKit/537.36 (KHTML, like Gecko) Chrome/73.0.3683.103 Safari/537.36"
::1 - - [02/May/2019:00:30:08 -0500] "GET /phpmyadmin/themes/pmahomme/img/b_help.png HTTP/1.1" 200 705 "http://localhost/phpmyadmin/phpmyadmin.css.php?nocache=6100889461ltr&server=1" "Mozilla/5.0 (Windows NT 10.0; Win64; x64) AppleWebKit/537.36 (KHTML, like Gecko) Chrome/73.0.3683.103 Safari/537.36"
::1 - - [02/May/2019:00:30:08 -0500] "GET /phpmyadmin/themes/pmahomme/img/s_lang.png HTTP/1.1" 200 659 "http://localhost/phpmyadmin/phpmyadmin.css.php?nocache=6100889461ltr&server=1" "Mozilla/5.0 (Windows NT 10.0; Win64; x64) AppleWebKit/537.36 (KHTML, like Gecko) Chrome/73.0.3683.103 Safari/537.36"
::1 - - [02/May/2019:00:30:08 -0500] "GET /phpmyadmin/themes/pmahomme/img/s_theme.png HTTP/1.1" 200 772 "http://localhost/phpmyadmin/phpmyadmin.css.php?nocache=6100889461ltr&server=1" "Mozilla/5.0 (Windows NT 10.0; Win64; x64) AppleWebKit/537.36 (KHTML, like Gecko) Chrome/73.0.3683.103 Safari/537.36"
::1 - - [02/May/2019:00:30:08 -0500] "GET /phpmyadmin/themes/pmahomme/img/window-new.png HTTP/1.1" 200 468 "http://localhost/phpmyadmin/phpmyadmin.css.php?nocache=6100889461ltr&server=1" "Mozilla/5.0 (Windows NT 10.0; Win64; x64) AppleWebKit/537.36 (KHTML, like Gecko) Chrome/73.0.3683.103 Safari/537.36"
::1 - - [02/May/2019:00:30:09 -0500] "POST /phpmyadmin/ajax.php HTTP/1.1" 200 1389 "-" "Mozilla/5.0 (Windows NT 10.0; Win64; x64) AppleWebKit/537.36 (KHTML, like Gecko) Chrome/73.0.3683.103 Safari/537.36"
::1 - - [02/May/2019:00:30:09 -0500] "GET /phpmyadmin/themes/pmahomme/img/b_more.png HTTP/1.1" 200 111 "http://localhost/phpmyadmin/phpmyadmin.css.php?nocache=6100889461ltr&server=1" "Mozilla/5.0 (Windows NT 10.0; Win64; x64) AppleWebKit/537.36 (KHTML, like Gecko) Chrome/73.0.3683.103 Safari/537.36"
::1 - - [02/May/2019:00:30:09 -0500] "POST /phpmyadmin/navigation.php?ajax_request=1&lang=en HTTP/1.1" 200 2043 "-" "Mozilla/5.0 (Windows NT 10.0; Win64; x64) AppleWebKit/537.36 (KHTML, like Gecko) Chrome/73.0.3683.103 Safari/537.36"
::1 - - [02/May/2019:00:30:09 -0500] "POST /phpmyadmin/ajax.php HTTP/1.1" 200 1483 "-" "Mozilla/5.0 (Windows NT 10.0; Win64; x64) AppleWebKit/537.36 (KHTML, like Gecko) Chrome/73.0.3683.103 Safari/537.36"
::1 - - [02/May/2019:00:30:09 -0500] "GET /phpmyadmin/favicon.ico HTTP/1.1" 200 22486 "-" "Mozilla/5.0 (Windows NT 10.0; Win64; x64) AppleWebKit/537.36 (KHTML, like Gecko) Chrome/73.0.3683.103 Safari/537.36"
::1 - - [02/May/2019:00:30:09 -0500] "POST /phpmyadmin/version_check.php HTTP/1.1" 200 48 "-" "Mozilla/5.0 (Windows NT 10.0; Win64; x64) AppleWebKit/537.36 (KHTML, like Gecko) Chrome/73.0.3683.103 Safari/537.36"
::1 - - [02/May/2019:00:30:09 -0500] "POST /phpmyadmin/ajax.php HTTP/1.1" 200 1381 "-" "Mozilla/5.0 (Windows NT 10.0; Win64; x64) AppleWebKit/537.36 (KHTML, like Gecko) Chrome/73.0.3683.103 Safari/537.36"
::1 - - [02/May/2019:00:30:09 -0500] "POST /phpmyadmin/db_structure.php?ajax_request=1&favorite_table=1&sync_favorite_tables=1&lang=en HTTP/1.1" 200 143 "-" "Mozilla/5.0 (Windows NT 10.0; Win64; x64) AppleWebKit/537.36 (KHTML, like Gecko) Chrome/73.0.3683.103 Safari/537.36"
::1 - - [02/May/2019:00:30:21 -0500] "GET /phpmyadmin/server_databases.php?lang=en&ajax_request=true&ajax_page_request=true&_nocache=1556775021065166450&token=HnE_%2F%7FKW%23-1*fuQn HTTP/1.1" 200 6149 "-" "Mozilla/5.0 (Windows NT 10.0; Win64; x64) AppleWebKit/537.36 (KHTML, like Gecko) Chrome/73.0.3683.103 Safari/537.36"
::1 - - [02/May/2019:00:30:21 -0500] "GET /phpmyadmin/themes/pmahomme/img/b_deltbl.png HTTP/1.1" 200 577 "http://localhost/phpmyadmin/phpmyadmin.css.php?nocache=6100889461ltr&server=1" "Mozilla/5.0 (Windows NT 10.0; Win64; x64) AppleWebKit/537.36 (KHTML, like Gecko) Chrome/73.0.3683.103 Safari/537.36"
::1 - - [02/May/2019:00:30:21 -0500] "GET /phpmyadmin/themes/pmahomme/img/s_notice.png HTTP/1.1" 200 567 "http://localhost/phpmyadmin/phpmyadmin.css.php?nocache=6100889461ltr&server=1" "Mozilla/5.0 (Windows NT 10.0; Win64; x64) AppleWebKit/537.36 (KHTML, like Gecko) Chrome/73.0.3683.103 Safari/537.36"
::1 - - [02/May/2019:00:30:21 -0500] "GET /phpmyadmin/themes/pmahomme/img/s_asc.png HTTP/1.1" 200 146 "http://localhost/phpmyadmin/phpmyadmin.css.php?nocache=6100889461ltr&server=1" "Mozilla/5.0 (Windows NT 10.0; Win64; x64) AppleWebKit/537.36 (KHTML, like Gecko) Chrome/73.0.3683.103 Safari/537.36"
::1 - - [02/May/2019:00:30:21 -0500] "GET /phpmyadmin/themes/pmahomme/img/arrow_ltr.png HTTP/1.1" 200 101 "-" "Mozilla/5.0 (Windows NT 10.0; Win64; x64) AppleWebKit/537.36 (KHTML, like Gecko) Chrome/73.0.3683.103 Safari/537.36"
::1 - - [02/May/2019:00:30:21 -0500] "GET /phpmyadmin/js/server_databases.js?v=4.8.5 HTTP/1.1" 200 5692 "-" "Mozilla/5.0 (Windows NT 10.0; Win64; x64) AppleWebKit/537.36 (KHTML, like Gecko) Chrome/73.0.3683.103 Safari/537.36"
::1 - - [02/May/2019:00:31:03 -0500] "POST /phpmyadmin/server_databases.php HTTP/1.1" 200 1779 "-" "Mozilla/5.0 (Windows NT 10.0; Win64; x64) AppleWebKit/537.36 (KHTML, like Gecko) Chrome/73.0.3683.103 Safari/537.36"
::1 - - [02/May/2019:00:31:04 -0500] "GET /phpmyadmin/themes/pmahomme/img/s_success.png HTTP/1.1" 200 465 "http://localhost/phpmyadmin/phpmyadmin.css.php?nocache=6100889461ltr&server=1" "Mozilla/5.0 (Windows NT 10.0; Win64; x64) AppleWebKit/537.36 (KHTML, like Gecko) Chrome/73.0.3683.103 Safari/537.36"
::1 - - [02/May/2019:00:31:04 -0500] "GET /phpmyadmin/db_structure.php?db=RB&ajax_request=true&ajax_page_request=true&_nocache=1556775064108270980&token=HnE_%2F%7FKW%23-1*fuQn HTTP/1.1" 200 2764 "-" "Mozilla/5.0 (Windows NT 10.0; Win64; x64) AppleWebKit/537.36 (KHTML, like Gecko) Chrome/73.0.3683.103 Safari/537.36"
::1 - - [02/May/2019:00:31:04 -0500] "GET /phpmyadmin/themes/pmahomme/img/b_props.png HTTP/1.1" 200 573 "http://localhost/phpmyadmin/phpmyadmin.css.php?nocache=6100889461ltr&server=1" "Mozilla/5.0 (Windows NT 10.0; Win64; x64) AppleWebKit/537.36 (KHTML, like Gecko) Chrome/73.0.3683.103 Safari/537.36"
::1 - - [02/May/2019:00:31:04 -0500] "GET /phpmyadmin/themes/pmahomme/img/b_search.png HTTP/1.1" 200 538 "http://localhost/phpmyadmin/phpmyadmin.css.php?nocache=6100889461ltr&server=1" "Mozilla/5.0 (Windows NT 10.0; Win64; x64) AppleWebKit/537.36 (KHTML, like Gecko) Chrome/73.0.3683.103 Safari/537.36"
::1 - - [02/May/2019:00:31:04 -0500] "GET /phpmyadmin/themes/pmahomme/img/b_routines.png HTTP/1.1" 200 306 "http://localhost/phpmyadmin/phpmyadmin.css.php?nocache=6100889461ltr&server=1" "Mozilla/5.0 (Windows NT 10.0; Win64; x64) AppleWebKit/537.36 (KHTML, like Gecko) Chrome/73.0.3683.103 Safari/537.36"
::1 - - [02/May/2019:00:31:04 -0500] "GET /phpmyadmin/themes/pmahomme/img/b_triggers.png HTTP/1.1" 200 446 "http://localhost/phpmyadmin/phpmyadmin.css.php?nocache=6100889461ltr&server=1" "Mozilla/5.0 (Windows NT 10.0; Win64; x64) AppleWebKit/537.36 (KHTML, like Gecko) Chrome/73.0.3683.103 Safari/537.36"
::1 - - [02/May/2019:00:31:04 -0500] "GET /phpmyadmin/themes/pmahomme/img/b_events.png HTTP/1.1" 200 703 "http://localhost/phpmyadmin/phpmyadmin.css.php?nocache=6100889461ltr&server=1" "Mozilla/5.0 (Windows NT 10.0; Win64; x64) AppleWebKit/537.36 (KHTML, like Gecko) Chrome/73.0.3683.103 Safari/537.36"
::1 - - [02/May/2019:00:31:04 -0500] "GET /phpmyadmin/themes/pmahomme/img/b_relations.png HTTP/1.1" 200 140 "http://localhost/phpmyadmin/phpmyadmin.css.php?nocache=6100889461ltr&server=1" "Mozilla/5.0 (Windows NT 10.0; Win64; x64) AppleWebKit/537.36 (KHTML, like Gecko) Chrome/73.0.3683.103 Safari/537.36"
::1 - - [02/May/2019:00:31:04 -0500] "GET /phpmyadmin/themes/pmahomme/img/eye.png HTTP/1.1" 200 663 "http://localhost/phpmyadmin/phpmyadmin.css.php?nocache=6100889461ltr&server=1" "Mozilla/5.0 (Windows NT 10.0; Win64; x64) AppleWebKit/537.36 (KHTML, like Gecko) Chrome/73.0.3683.103 Safari/537.36"
::1 - - [02/May/2019:00:31:04 -0500] "GET /phpmyadmin/themes/pmahomme/img/centralColumns.png HTTP/1.1" 200 586 "http://localhost/phpmyadmin/phpmyadmin.css.php?nocache=6100889461ltr&server=1" "Mozilla/5.0 (Windows NT 10.0; Win64; x64) AppleWebKit/537.36 (KHTML, like Gecko) Chrome/73.0.3683.103 Safari/537.36"
::1 - - [02/May/2019:00:31:04 -0500] "GET /phpmyadmin/themes/pmahomme/img/b_table_add.png HTTP/1.1" 200 571 "http://localhost/phpmyadmin/phpmyadmin.css.php?nocache=6100889461ltr&server=1" "Mozilla/5.0 (Windows NT 10.0; Win64; x64) AppleWebKit/537.36 (KHTML, like Gecko) Chrome/73.0.3683.103 Safari/537.36"
::1 - - [02/May/2019:00:31:04 -0500] "GET /phpmyadmin/js/db_structure.js?v=4.8.5 HTTP/1.1" 200 15803 "-" "Mozilla/5.0 (Windows NT 10.0; Win64; x64) AppleWebKit/537.36 (KHTML, like Gecko) Chrome/73.0.3683.103 Safari/537.36"
::1 - - [02/May/2019:00:31:04 -0500] "GET /phpmyadmin/js/tbl_change.js?v=4.8.5 HTTP/1.1" 200 29050 "-" "Mozilla/5.0 (Windows NT 10.0; Win64; x64) AppleWebKit/537.36 (KHTML, like Gecko) Chrome/73.0.3683.103 Safari/537.36"
::1 - - [02/May/2019:00:31:04 -0500] "POST /phpmyadmin/navigation.php?ajax_request=1&lang=en HTTP/1.1" 200 2066 "-" "Mozilla/5.0 (Windows NT 10.0; Win64; x64) AppleWebKit/537.36 (KHTML, like Gecko) Chrome/73.0.3683.103 Safari/537.36"
::1 - - [02/May/2019:00:31:12 -0500] "GET /phpmyadmin/db_import.php?db=RB&ajax_request=true&ajax_page_request=true&_nocache=1556775072290345754&token=HnE_%2F%7FKW%23-1*fuQn HTTP/1.1" 200 6483 "-" "Mozilla/5.0 (Windows NT 10.0; Win64; x64) AppleWebKit/537.36 (KHTML, like Gecko) Chrome/73.0.3683.103 Safari/537.36"
::1 - - [02/May/2019:00:31:12 -0500] "GET /phpmyadmin/js/import.js?v=4.8.5 HTTP/1.1" 200 5640 "-" "Mozilla/5.0 (Windows NT 10.0; Win64; x64) AppleWebKit/537.36 (KHTML, like Gecko) Chrome/73.0.3683.103 Safari/537.36"
::1 - - [02/May/2019:00:31:37 -0500] "POST /phpmyadmin/import.php HTTP/1.1" 200 7765 "-" "Mozilla/5.0 (Windows NT 10.0; Win64; x64) AppleWebKit/537.36 (KHTML, like Gecko) Chrome/73.0.3683.103 Safari/537.36"
::1 - - [02/May/2019:00:31:37 -0500] "GET /phpmyadmin/js/whitelist.php?v=4.8.5 HTTP/1.1" 200 57 "-" "Mozilla/5.0 (Windows NT 10.0; Win64; x64) AppleWebKit/537.36 (KHTML, like Gecko) Chrome/73.0.3683.103 Safari/537.36"
::1 - - [02/May/2019:00:31:37 -0500] "GET /phpmyadmin/phpmyadmin.css.php?nocache=6100889463ltr&server=1 HTTP/1.1" 200 20760 "-" "Mozilla/5.0 (Windows NT 10.0; Win64; x64) AppleWebKit/537.36 (KHTML, like Gecko) Chrome/73.0.3683.103 Safari/537.36"
::1 - - [02/May/2019:00:31:37 -0500] "GET /phpmyadmin/js/messages.php?l=en&v=4.8.5 HTTP/1.1" 200 8822 "-" "Mozilla/5.0 (Windows NT 10.0; Win64; x64) AppleWebKit/537.36 (KHTML, like Gecko) Chrome/73.0.3683.103 Safari/537.36"
::1 - - [02/May/2019:00:31:38 -0500] "POST /phpmyadmin/ajax.php HTTP/1.1" 200 1389 "-" "Mozilla/5.0 (Windows NT 10.0; Win64; x64) AppleWebKit/537.36 (KHTML, like Gecko) Chrome/73.0.3683.103 Safari/537.36"
::1 - - [02/May/2019:00:31:38 -0500] "POST /phpmyadmin/navigation.php?ajax_request=1 HTTP/1.1" 200 2066 "-" "Mozilla/5.0 (Windows NT 10.0; Win64; x64) AppleWebKit/537.36 (KHTML, like Gecko) Chrome/73.0.3683.103 Safari/537.36"
::1 - - [02/May/2019:00:31:38 -0500] "POST /phpmyadmin/ajax.php HTTP/1.1" 200 1486 "-" "Mozilla/5.0 (Windows NT 10.0; Win64; x64) AppleWebKit/537.36 (KHTML, like Gecko) Chrome/73.0.3683.103 Safari/537.36"
::1 - - [02/May/2019:00:31:38 -0500] "POST /phpmyadmin/ajax.php HTTP/1.1" 200 1381 "-" "Mozilla/5.0 (Windows NT 10.0; Win64; x64) AppleWebKit/537.36 (KHTML, like Gecko) Chrome/73.0.3683.103 Safari/537.36"
::1 - - [02/May/2019:00:32:03 -0500] "POST /IS/buscarvehi.php HTTP/1.1" 200 627 "http://localhost/IS/ConsultaVehiculos.html" "Mozilla/5.0 (Windows NT 10.0; Win64; x64) AppleWebKit/537.36 (KHTML, like Gecko) Chrome/73.0.3683.103 Safari/537.36"
::1 - - [02/May/2019:00:32:14 -0500] "GET /IS/ConsultaAdministradores.html HTTP/1.1" 200 1614 "http://localhost/IS/inicio.html" "Mozilla/5.0 (Windows NT 10.0; Win64; x64) AppleWebKit/537.36 (KHTML, like Gecko) Chrome/73.0.3683.103 Safari/537.36"
::1 - - [02/May/2019:00:32:14 -0500] "GET /IS/mainadmi.js HTTP/1.1" 200 431 "http://localhost/IS/ConsultaAdministradores.html" "Mozilla/5.0 (Windows NT 10.0; Win64; x64) AppleWebKit/537.36 (KHTML, like Gecko) Chrome/73.0.3683.103 Safari/537.36"
::1 - - [02/May/2019:00:32:14 -0500] "POST /IS/buscaradmi.php HTTP/1.1" 200 625 "http://localhost/IS/ConsultaAdministradores.html" "Mozilla/5.0 (Windows NT 10.0; Win64; x64) AppleWebKit/537.36 (KHTML, like Gecko) Chrome/73.0.3683.103 Safari/537.36"
::1 - - [02/May/2019:00:32:16 -0500] "POST /IS/buscaradmi.php HTTP/1.1" 200 768 "http://localhost/IS/ConsultaAdministradores.html" "Mozilla/5.0 (Windows NT 10.0; Win64; x64) AppleWebKit/537.36 (KHTML, like Gecko) Chrome/73.0.3683.103 Safari/537.36"
::1 - - [02/May/2019:00:32:17 -0500] "POST /IS/buscaradmi.php HTTP/1.1" 200 768 "http://localhost/IS/ConsultaAdministradores.html" "Mozilla/5.0 (Windows NT 10.0; Win64; x64) AppleWebKit/537.36 (KHTML, like Gecko) Chrome/73.0.3683.103 Safari/537.36"
::1 - - [02/May/2019:00:32:17 -0500] "POST /IS/buscaradmi.php HTTP/1.1" 200 768 "http://localhost/IS/ConsultaAdministradores.html" "Mozilla/5.0 (Windows NT 10.0; Win64; x64) AppleWebKit/537.36 (KHTML, like Gecko) Chrome/73.0.3683.103 Safari/537.36"
::1 - - [02/May/2019:00:32:17 -0500] "POST /IS/buscaradmi.php HTTP/1.1" 200 768 "http://localhost/IS/ConsultaAdministradores.html" "Mozilla/5.0 (Windows NT 10.0; Win64; x64) AppleWebKit/537.36 (KHTML, like Gecko) Chrome/73.0.3683.103 Safari/537.36"
::1 - - [02/May/2019:00:32:17 -0500] "POST /IS/buscaradmi.php HTTP/1.1" 200 768 "http://localhost/IS/ConsultaAdministradores.html" "Mozilla/5.0 (Windows NT 10.0; Win64; x64) AppleWebKit/537.36 (KHTML, like Gecko) Chrome/73.0.3683.103 Safari/537.36"
::1 - - [02/May/2019:00:32:20 -0500] "POST /IS/buscarvehi.php HTTP/1.1" 200 627 "http://localhost/IS/ConsultaVehiculos.html" "Mozilla/5.0 (Windows NT 10.0; Win64; x64) AppleWebKit/537.36 (KHTML, like Gecko) Chrome/73.0.3683.103 Safari/537.36"
