2019-05-02  0:20:08 4252 [Note] InnoDB: innodb_empty_free_list_algorithm has been changed to legacy because of small buffer pool size. In order to use backoff, increase buffer pool at least up to 20MB.

2019-05-02  0:20:08 4252 [Note] InnoDB: Using mutexes to ref count buffer pool pages
2019-05-02  0:20:08 4252 [Note] InnoDB: The InnoDB memory heap is disabled
2019-05-02  0:20:08 4252 [Note] InnoDB: Mutexes and rw_locks use Windows interlocked functions
2019-05-02  0:20:08 4252 [Note] InnoDB: _mm_lfence() and _mm_sfence() are used for memory barrier
2019-05-02  0:20:08 4252 [Note] InnoDB: Compressed tables use zlib 1.2.11
2019-05-02  0:20:08 4252 [Note] InnoDB: Using generic crc32 instructions
2019-05-02  0:20:08 4252 [Note] InnoDB: Initializing buffer pool, size = 128.0M
2019-05-02  0:20:08 4252 [Note] InnoDB: Completed initialization of buffer pool
2019-05-02  0:20:08 4252 [Note] InnoDB: Highest supported file format is Barracuda.
2019-05-02  0:20:08 4252 [Note] InnoDB: The log sequence number 1835037 in ibdata file do not match the log sequence number 1835087 in the ib_logfiles!
2019-05-02  0:20:08 4252 [Note] InnoDB: Restoring possible half-written data pages from the doublewrite buffer...
2019-05-02  0:20:08 4252 [Warning] InnoDB: Resizing redo log from 2*320 to 2*3072 pages, LSN=1835087
2019-05-02  0:20:08 4252 [Warning] InnoDB: Starting to delete and rewrite log files.
2019-05-02  0:20:08 4252 [Note] InnoDB: Setting log file .\ib_logfile101 size to 48 MB
2019-05-02  0:20:08 4252 [Note] InnoDB: Setting log file .\ib_logfile1 size to 48 MB
2019-05-02  0:20:08 4252 [Note] InnoDB: Renaming log file .\ib_logfile101 to .\ib_logfile0
2019-05-02  0:20:08 4252 [Warning] InnoDB: New log files created, LSN=1835532
2019-05-02  0:20:08 4252 [Note] InnoDB: 128 rollback segment(s) are active.
2019-05-02  0:20:08 4252 [Note] InnoDB: Waiting for purge to start
2019-05-02  0:20:08 4252 [Note] InnoDB:  Percona XtraDB (http://www.percona.com) 5.6.42-84.2 started; log sequence number 1835087
2019-05-02  0:20:08 8528 [Note] InnoDB: Dumping buffer pool(s) not yet started
2019-05-02  0:20:08 4252 [Note] Plugin 'FEEDBACK' is disabled.
2019-05-02  0:20:08 4252 [Note] Server socket created on IP: '::'.
