2015-11-10 15:26:56 10fc InnoDB: Warning: Using innodb_additional_mem_pool_size is DEPRECATED. This option may be removed in future releases, together with the option innodb_use_sys_malloc and with the InnoDB's internal memory allocator.
2015-11-10 15:26:56 4348 [Note] InnoDB: Using mutexes to ref count buffer pool pages
2015-11-10 15:26:56 4348 [Note] InnoDB: The InnoDB memory heap is disabled
2015-11-10 15:26:56 4348 [Note] InnoDB: Mutexes and rw_locks use Windows interlocked functions
2015-11-10 15:26:56 4348 [Note] InnoDB: Memory barrier is not used
2015-11-10 15:26:56 4348 [Note] InnoDB: Compressed tables use zlib 1.2.3
2015-11-10 15:26:56 4348 [Note] InnoDB: Not using CPU crc32 instructions
2015-11-10 15:26:56 4348 [Note] InnoDB: Initializing buffer pool, size = 16.0M
2015-11-10 15:26:56 4348 [Note] InnoDB: Completed initialization of buffer pool
2015-11-10 15:26:56 4348 [Note] InnoDB: Highest supported file format is Barracuda.
2015-11-10 15:26:57 4348 [Note] InnoDB: 128 rollback segment(s) are active.
2015-11-10 15:26:57 4348 [Note] InnoDB: Waiting for purge to start
2015-11-10 15:26:57 4348 [Note] InnoDB:  Percona XtraDB (http://www.percona.com) 5.6.26-74.0 started; log sequence number 1835027
2015-11-10 15:26:57 6140 [Note] InnoDB: Dumping buffer pool(s) not yet started
2015-11-10 15:26:57 4348 [Note] Plugin 'FEEDBACK' is disabled.
2015-11-10 15:26:57 4348 [Note] Server socket created on IP: '::'.
2015-11-10 15:26:57 4348 [Note] Event Scheduler: Loaded 0 events
2015-11-10 15:26:57 4348 [Note] C:\xampp\mysql\bin\mysqld.exe: ready for connections.
Version: '10.1.8-MariaDB'  socket: ''  port: 3306  mariadb.org binary distribution
2015-11-10 15:27:11 5152 [Note] C:\xampp\mysql\bin\mysqld.exe: Normal shutdown

2015-11-10 15:27:11 5152 [Note] Event Scheduler: Purging the queue. 0 events
2015-11-10 15:27:11 5732 [Note] InnoDB: FTS optimize thread exiting.
2015-11-10 15:27:11 5152 [Note] InnoDB: Starting shutdown...
2015-11-10 15:27:13 5152 [Note] InnoDB: Shutdown completed; log sequence number 1835037
2015-11-10 15:27:13 5152 [Note] C:\xampp\mysql\bin\mysqld.exe: Shutdown complete

2019-05-01 23:46:32 38b8 InnoDB: Warning: Using innodb_additional_mem_pool_size is DEPRECATED. This option may be removed in future releases, together with the option innodb_use_sys_malloc and with the InnoDB's internal memory allocator.
2019-05-01 23:46:32 14520 [Note] InnoDB: innodb_empty_free_list_algorithm has been changed to legacy because of small buffer pool size. In order to use backoff, increase buffer pool at least up to 20MB.

2019-05-01 23:46:32 14520 [Note] InnoDB: Using mutexes to ref count buffer pool pages
2019-05-01 23:46:32 14520 [Note] InnoDB: The InnoDB memory heap is disabled
2019-05-01 23:46:32 14520 [Note] InnoDB: Mutexes and rw_locks use Windows interlocked functions
2019-05-01 23:46:32 14520 [Note] InnoDB: _mm_lfence() and _mm_sfence() are used for memory barrier
2019-05-01 23:46:32 14520 [Note] InnoDB: Compressed tables use zlib 1.2.11
2019-05-01 23:46:32 14520 [Note] InnoDB: Using generic crc32 instructions
2019-05-01 23:46:32 14520 [Note] InnoDB: Initializing buffer pool, size = 16.0M
2019-05-01 23:46:32 14520 [Note] InnoDB: Completed initialization of buffer pool
2019-05-01 23:46:32 14520 [Note] InnoDB: Highest supported file format is Barracuda.
2019-05-01 23:46:32 14520 [Note] InnoDB: 128 rollback segment(s) are active.
2019-05-01 23:46:32 14520 [Note] InnoDB: Waiting for purge to start
2019-05-01 23:46:32 14520 [Note] InnoDB:  Percona XtraDB (http://www.percona.com) 5.6.42-84.2 started; log sequence number 1835037
2019-05-01 23:46:32 624 [Note] InnoDB: Dumping buffer pool(s) not yet started
2019-05-01 23:46:32 14520 [Note] Plugin 'FEEDBACK' is disabled.
2019-05-01 23:46:32 14520 [Note] Server socket created on IP: '::'.
2019-05-01 23:46:32 14520 [Note] c:\xampp\mysql\bin\mysqld.exe: ready for connections.
Version: '10.1.38-MariaDB'  socket: ''  port: 3306  mariadb.org binary distribution
2019-05-01 23:53:36 2aec InnoDB: Warning: Using innodb_additional_mem_pool_size is DEPRECATED. This option may be removed in future releases, together with the option innodb_use_sys_malloc and with the InnoDB's internal memory allocator.
2019-05-01 23:53:36 10988 [Note] InnoDB: innodb_empty_free_list_algorithm has been changed to legacy because of small buffer pool size. In order to use backoff, increase buffer pool at least up to 20MB.

2019-05-01 23:53:36 10988 [Note] InnoDB: Using mutexes to ref count buffer pool pages
2019-05-01 23:53:36 10988 [Note] InnoDB: The InnoDB memory heap is disabled
2019-05-01 23:53:36 10988 [Note] InnoDB: Mutexes and rw_locks use Windows interlocked functions
2019-05-01 23:53:36 10988 [Note] InnoDB: _mm_lfence() and _mm_sfence() are used for memory barrier
2019-05-01 23:53:36 10988 [Note] InnoDB: Compressed tables use zlib 1.2.11
2019-05-01 23:53:36 10988 [Note] InnoDB: Using generic crc32 instructions
2019-05-01 23:53:36 10988 [Note] InnoDB: Initializing buffer pool, size = 16.0M
2019-05-01 23:53:36 10988 [Note] InnoDB: Completed initialization of buffer pool
2019-05-01 23:53:36 10988 [Note] InnoDB: Highest supported file format is Barracuda.
2019-05-01 23:53:36 10988 [Note] InnoDB: The log sequence number 1835037 in ibdata file do not match the log sequence number 1835047 in the ib_logfiles!
2019-05-01 23:53:36 10988 [Note] InnoDB: Restoring possible half-written data pages from the doublewrite buffer...
2019-05-01 23:53:36 10988 [Note] InnoDB: 128 rollback segment(s) are active.
2019-05-01 23:53:36 10988 [Note] InnoDB: Waiting for purge to start
2019-05-01 23:53:36 10988 [Note] InnoDB:  Percona XtraDB (http://www.percona.com) 5.6.42-84.2 started; log sequence number 1835047
2019-05-01 23:53:36 4252 [Note] InnoDB: Dumping buffer pool(s) not yet started
2019-05-01 23:53:36 10988 [Note] Plugin 'FEEDBACK' is disabled.
2019-05-01 23:53:36 10988 [Note] Server socket created on IP: '::'.
2019-05-01 23:53:36 10988 [Note] c:\xampp\mysql\bin\mysqld.exe: ready for connections.
Version: '10.1.38-MariaDB'  socket: ''  port: 3306  mariadb.org binary distribution
2019-05-01 23:58:24 2c84 InnoDB: Warning: Using innodb_additional_mem_pool_size is DEPRECATED. This option may be removed in future releases, together with the option innodb_use_sys_malloc and with the InnoDB's internal memory allocator.
2019-05-01 23:58:24 11396 [Note] InnoDB: innodb_empty_free_list_algorithm has been changed to legacy because of small buffer pool size. In order to use backoff, increase buffer pool at least up to 20MB.

2019-05-01 23:58:24 11396 [Note] InnoDB: Using mutexes to ref count buffer pool pages
2019-05-01 23:58:24 11396 [Note] InnoDB: The InnoDB memory heap is disabled
2019-05-01 23:58:24 11396 [Note] InnoDB: Mutexes and rw_locks use Windows interlocked functions
2019-05-01 23:58:24 11396 [Note] InnoDB: _mm_lfence() and _mm_sfence() are used for memory barrier
2019-05-01 23:58:24 11396 [Note] InnoDB: Compressed tables use zlib 1.2.11
2019-05-01 23:58:24 11396 [Note] InnoDB: Using generic crc32 instructions
2019-05-01 23:58:24 11396 [Note] InnoDB: Initializing buffer pool, size = 16.0M
2019-05-01 23:58:24 11396 [Note] InnoDB: Completed initialization of buffer pool
2019-05-01 23:58:24 11396 [Note] InnoDB: Highest supported file format is Barracuda.
2019-05-01 23:58:24 11396 [Note] InnoDB: The log sequence number 1835037 in ibdata file do not match the log sequence number 1835057 in the ib_logfiles!
2019-05-01 23:58:24 11396 [Note] InnoDB: Restoring possible half-written data pages from the doublewrite buffer...
2019-05-01 23:58:24 11396 [Note] InnoDB: 128 rollback segment(s) are active.
2019-05-01 23:58:24 11396 [Note] InnoDB: Waiting for purge to start
2019-05-01 23:58:24 11396 [Note] InnoDB:  Percona XtraDB (http://www.percona.com) 5.6.42-84.2 started; log sequence number 1835057
2019-05-01 23:58:24 13768 [Note] InnoDB: Dumping buffer pool(s) not yet started
2019-05-01 23:58:24 11396 [Note] Plugin 'FEEDBACK' is disabled.
2019-05-01 23:58:24 11396 [Note] Server socket created on IP: '::'.
2019-05-01 23:58:24 11396 [Note] c:\xampp\mysql\bin\mysqld.exe: ready for connections.
Version: '10.1.38-MariaDB'  socket: ''  port: 3306  mariadb.org binary distribution
2019-05-02 00:00:41 3718 InnoDB: Warning: Using innodb_additional_mem_pool_size is DEPRECATED. This option may be removed in future releases, together with the option innodb_use_sys_malloc and with the InnoDB's internal memory allocator.
2019-05-02  0:00:41 14104 [Note] InnoDB: innodb_empty_free_list_algorithm has been changed to legacy because of small buffer pool size. In order to use backoff, increase buffer pool at least up to 20MB.

2019-05-02  0:00:41 14104 [Note] InnoDB: Using mutexes to ref count buffer pool pages
2019-05-02  0:00:41 14104 [Note] InnoDB: The InnoDB memory heap is disabled
2019-05-02  0:00:41 14104 [Note] InnoDB: Mutexes and rw_locks use Windows interlocked functions
2019-05-02  0:00:41 14104 [Note] InnoDB: _mm_lfence() and _mm_sfence() are used for memory barrier
2019-05-02  0:00:41 14104 [Note] InnoDB: Compressed tables use zlib 1.2.11
2019-05-02  0:00:41 14104 [Note] InnoDB: Using generic crc32 instructions
2019-05-02  0:00:41 14104 [Note] InnoDB: Initializing buffer pool, size = 16.0M
2019-05-02  0:00:41 14104 [Note] InnoDB: Completed initialization of buffer pool
2019-05-02  0:00:41 14104 [Note] InnoDB: Highest supported file format is Barracuda.
2019-05-02  0:00:41 14104 [Note] InnoDB: The log sequence number 1835037 in ibdata file do not match the log sequence number 1835067 in the ib_logfiles!
2019-05-02  0:00:41 14104 [Note] InnoDB: Restoring possible half-written data pages from the doublewrite buffer...
2019-05-02  0:00:42 14104 [Note] InnoDB: 128 rollback segment(s) are active.
2019-05-02  0:00:42 14104 [Note] InnoDB: Waiting for purge to start
2019-05-02  0:00:42 14104 [Note] InnoDB:  Percona XtraDB (http://www.percona.com) 5.6.42-84.2 started; log sequence number 1835067
2019-05-02  0:00:42 13216 [Note] InnoDB: Dumping buffer pool(s) not yet started
2019-05-02  0:00:42 14104 [Note] Plugin 'FEEDBACK' is disabled.
2019-05-02  0:00:42 14104 [Note] Server socket created on IP: '::'.
2019-05-02  0:00:42 14104 [Note] c:\xampp\mysql\bin\mysqld.exe: ready for connections.
Version: '10.1.38-MariaDB'  socket: ''  port: 3306  mariadb.org binary distribution
2019-05-02 00:07:39 2cd8 InnoDB: Warning: Using innodb_additional_mem_pool_size is DEPRECATED. This option may be removed in future releases, together with the option innodb_use_sys_malloc and with the InnoDB's internal memory allocator.
2019-05-02  0:07:39 11480 [Note] InnoDB: innodb_empty_free_list_algorithm has been changed to legacy because of small buffer pool size. In order to use backoff, increase buffer pool at least up to 20MB.

2019-05-02  0:07:39 11480 [Note] InnoDB: Using mutexes to ref count buffer pool pages
2019-05-02  0:07:39 11480 [Note] InnoDB: The InnoDB memory heap is disabled
2019-05-02  0:07:39 11480 [Note] InnoDB: Mutexes and rw_locks use Windows interlocked functions
2019-05-02  0:07:39 11480 [Note] InnoDB: _mm_lfence() and _mm_sfence() are used for memory barrier
2019-05-02  0:07:39 11480 [Note] InnoDB: Compressed tables use zlib 1.2.11
2019-05-02  0:07:39 11480 [Note] InnoDB: Using generic crc32 instructions
2019-05-02  0:07:39 11480 [Note] InnoDB: Initializing buffer pool, size = 16.0M
2019-05-02  0:07:39 11480 [Note] InnoDB: Completed initialization of buffer pool
2019-05-02  0:07:39 11480 [Note] InnoDB: Highest supported file format is Barracuda.
2019-05-02  0:07:39 11480 [Note] InnoDB: The log sequence number 1835037 in ibdata file do not match the log sequence number 1835077 in the ib_logfiles!
2019-05-02  0:07:39 11480 [Note] InnoDB: Restoring possible half-written data pages from the doublewrite buffer...
2019-05-02  0:07:39 11480 [Note] InnoDB: 128 rollback segment(s) are active.
2019-05-02  0:07:39 11480 [Note] InnoDB: Waiting for purge to start
2019-05-02  0:07:39 11480 [Note] InnoDB:  Percona XtraDB (http://www.percona.com) 5.6.42-84.2 started; log sequence number 1835077
2019-05-02  0:07:39 13688 [Note] InnoDB: Dumping buffer pool(s) not yet started
2019-05-02  0:07:39 11480 [Note] Plugin 'FEEDBACK' is disabled.
2019-05-02  0:07:39 11480 [Note] Server socket created on IP: '::'.
2019-05-02  0:07:39 11480 [Note] c:\xampp\mysql\bin\mysqld.exe: ready for connections.
Version: '10.1.38-MariaDB'  socket: ''  port: 3306  mariadb.org binary distribution
2019-05-02 00:30:05 1950 InnoDB: Warning: Using innodb_additional_mem_pool_size is DEPRECATED. This option may be removed in future releases, together with the option innodb_use_sys_malloc and with the InnoDB's internal memory allocator.
2019-05-02  0:30:05 6480 [Note] InnoDB: innodb_empty_free_list_algorithm has been changed to legacy because of small buffer pool size. In order to use backoff, increase buffer pool at least up to 20MB.

2019-05-02  0:30:05 6480 [Note] InnoDB: Using mutexes to ref count buffer pool pages
2019-05-02  0:30:05 6480 [Note] InnoDB: The InnoDB memory heap is disabled
2019-05-02  0:30:05 6480 [Note] InnoDB: Mutexes and rw_locks use Windows interlocked functions
2019-05-02  0:30:05 6480 [Note] InnoDB: _mm_lfence() and _mm_sfence() are used for memory barrier
2019-05-02  0:30:05 6480 [Note] InnoDB: Compressed tables use zlib 1.2.11
2019-05-02  0:30:05 6480 [Note] InnoDB: Using generic crc32 instructions
2019-05-02  0:30:05 6480 [Note] InnoDB: Initializing buffer pool, size = 16.0M
2019-05-02  0:30:05 6480 [Note] InnoDB: Completed initialization of buffer pool
2019-05-02  0:30:05 6480 [Note] InnoDB: Highest supported file format is Barracuda.
2019-05-02  0:30:05 6480 [Note] InnoDB: The log sequence number 1835087 in ibdata file do not match the log sequence number 1835542 in the ib_logfiles!
2019-05-02  0:30:05 6480 [Note] InnoDB: Restoring possible half-written data pages from the doublewrite buffer...
2019-05-02  0:30:05 6480 [Warning] InnoDB: Resizing redo log from 2*3072 to 2*320 pages, LSN=1835542
2019-05-02  0:30:05 6480 [Warning] InnoDB: Starting to delete and rewrite log files.
2019-05-02  0:30:05 6480 [Note] InnoDB: Setting log file C:\xampp\mysql\data\ib_logfile101 size to 5 MB
2019-05-02  0:30:05 6480 [Note] InnoDB: Setting log file C:\xampp\mysql\data\ib_logfile1 size to 5 MB
2019-05-02  0:30:05 6480 [Note] InnoDB: Renaming log file C:\xampp\mysql\data\ib_logfile101 to C:\xampp\mysql\data\ib_logfile0
2019-05-02  0:30:05 6480 [Warning] InnoDB: New log files created, LSN=1836044
2019-05-02  0:30:05 6480 [Note] InnoDB: 128 rollback segment(s) are active.
2019-05-02  0:30:05 6480 [Note] InnoDB: Waiting for purge to start
2019-05-02  0:30:05 6480 [Note] InnoDB:  Percona XtraDB (http://www.percona.com) 5.6.42-84.2 started; log sequence number 1835542
2019-05-02  0:30:05 6636 [Note] InnoDB: Dumping buffer pool(s) not yet started
2019-05-02  0:30:05 6480 [Note] Plugin 'FEEDBACK' is disabled.
2019-05-02  0:30:05 6480 [Note] Server socket created on IP: '::'.
2019-05-02  0:30:05 6480 [Note] c:\xampp\mysql\bin\mysqld.exe: ready for connections.
Version: '10.1.38-MariaDB'  socket: ''  port: 3306  mariadb.org binary distribution
2019-05-02  0:31:37 13224 [ERROR] Incorrect definition of table mysql.column_stats: expected column 'min_value' at position 3 to have type varbinary(255), found type varchar(255).
2019-05-02  0:31:37 13224 [ERROR] Incorrect definition of table mysql.column_stats: expected column 'max_value' at position 4 to have type varbinary(255), found type varchar(255).
2019-05-02  0:31:37 13224 [ERROR] Incorrect definition of table mysql.column_stats: expected column 'min_value' at position 3 to have type varbinary(255), found type varchar(255).
2019-05-02  0:31:37 13224 [ERROR] Incorrect definition of table mysql.column_stats: expected column 'max_value' at position 4 to have type varbinary(255), found type varchar(255).
2019-05-02  0:31:37 13224 [ERROR] Incorrect definition of table mysql.column_stats: expected column 'min_value' at position 3 to have type varbinary(255), found type varchar(255).
2019-05-02  0:31:37 13224 [ERROR] Incorrect definition of table mysql.column_stats: expected column 'max_value' at position 4 to have type varbinary(255), found type varchar(255).
2019-05-02  0:31:37 13224 [ERROR] Incorrect definition of table mysql.column_stats: expected column 'min_value' at position 3 to have type varbinary(255), found type varchar(255).
2019-05-02  0:31:37 13224 [ERROR] Incorrect definition of table mysql.column_stats: expected column 'max_value' at position 4 to have type varbinary(255), found type varchar(255).
2019-05-02  0:31:37 13224 [ERROR] Incorrect definition of table mysql.column_stats: expected column 'min_value' at position 3 to have type varbinary(255), found type varchar(255).
2019-05-02  0:31:37 13224 [ERROR] Incorrect definition of table mysql.column_stats: expected column 'max_value' at position 4 to have type varbinary(255), found type varchar(255).
2019-05-02  0:31:37 13224 [ERROR] Incorrect definition of table mysql.column_stats: expected column 'min_value' at position 3 to have type varbinary(255), found type varchar(255).
2019-05-02  0:31:37 13224 [ERROR] Incorrect definition of table mysql.column_stats: expected column 'max_value' at position 4 to have type varbinary(255), found type varchar(255).
2019-05-02  0:31:37 13224 [ERROR] Incorrect definition of table mysql.column_stats: expected column 'min_value' at position 3 to have type varbinary(255), found type varchar(255).
2019-05-02  0:31:37 13224 [ERROR] Incorrect definition of table mysql.column_stats: expected column 'max_value' at position 4 to have type varbinary(255), found type varchar(255).
2019-05-02  0:31:37 13224 [ERROR] Incorrect definition of table mysql.column_stats: expected column 'min_value' at position 3 to have type varbinary(255), found type varchar(255).
2019-05-02  0:31:37 13224 [ERROR] Incorrect definition of table mysql.column_stats: expected column 'max_value' at position 4 to have type varbinary(255), found type varchar(255).
2019-05-02 14:44:16 2d80 InnoDB: Warning: Using innodb_additional_mem_pool_size is DEPRECATED. This option may be removed in future releases, together with the option innodb_use_sys_malloc and with the InnoDB's internal memory allocator.
2019-05-02 14:44:16 11648 [Note] InnoDB: innodb_empty_free_list_algorithm has been changed to legacy because of small buffer pool size. In order to use backoff, increase buffer pool at least up to 20MB.

2019-05-02 14:44:16 11648 [Note] InnoDB: Using mutexes to ref count buffer pool pages
2019-05-02 14:44:16 11648 [Note] InnoDB: The InnoDB memory heap is disabled
2019-05-02 14:44:16 11648 [Note] InnoDB: Mutexes and rw_locks use Windows interlocked functions
2019-05-02 14:44:16 11648 [Note] InnoDB: _mm_lfence() and _mm_sfence() are used for memory barrier
2019-05-02 14:44:16 11648 [Note] InnoDB: Compressed tables use zlib 1.2.11
2019-05-02 14:44:16 11648 [Note] InnoDB: Using generic crc32 instructions
2019-05-02 14:44:16 11648 [Note] InnoDB: Initializing buffer pool, size = 16.0M
2019-05-02 14:44:16 11648 [Note] InnoDB: Completed initialization of buffer pool
2019-05-02 14:44:17 11648 [Note] InnoDB: Highest supported file format is Barracuda.
2019-05-02 14:44:17 11648 [Note] InnoDB: The log sequence number 1835087 in ibdata file do not match the log sequence number 2188706 in the ib_logfiles!
2019-05-02 14:44:19 11648 [Note] InnoDB: Restoring possible half-written data pages from the doublewrite buffer...
2019-05-02 14:44:21 11648 [Note] InnoDB: 128 rollback segment(s) are active.
2019-05-02 14:44:21 11648 [Note] InnoDB: Waiting for purge to start
2019-05-02 14:44:21 11648 [Note] InnoDB:  Percona XtraDB (http://www.percona.com) 5.6.42-84.2 started; log sequence number 2188706
2019-05-02 14:44:21 12016 [Note] InnoDB: Dumping buffer pool(s) not yet started
2019-05-02 14:44:21 11648 [Note] Plugin 'FEEDBACK' is disabled.
2019-05-02 14:44:22 11648 [Note] Server socket created on IP: '::'.
2019-05-02 14:44:23 11648 [Note] c:\xampp\mysql\bin\mysqld.exe: ready for connections.
Version: '10.1.38-MariaDB'  socket: ''  port: 3306  mariadb.org binary distribution
2019-05-02 14:46:15 7400 [ERROR] Incorrect definition of table mysql.column_stats: expected column 'min_value' at position 3 to have type varbinary(255), found type varchar(255).
2019-05-02 14:46:15 7400 [ERROR] Incorrect definition of table mysql.column_stats: expected column 'max_value' at position 4 to have type varbinary(255), found type varchar(255).
2019-05-02 14:46:15 7400 [ERROR] Incorrect definition of table mysql.column_stats: expected column 'min_value' at position 3 to have type varbinary(255), found type varchar(255).
2019-05-02 14:46:15 7400 [ERROR] Incorrect definition of table mysql.column_stats: expected column 'max_value' at position 4 to have type varbinary(255), found type varchar(255).
2019-05-02 14:46:15 7400 [ERROR] Incorrect definition of table mysql.column_stats: expected column 'min_value' at position 3 to have type varbinary(255), found type varchar(255).
2019-05-02 14:46:15 7400 [ERROR] Incorrect definition of table mysql.column_stats: expected column 'max_value' at position 4 to have type varbinary(255), found type varchar(255).
2019-05-02 14:46:15 7400 [ERROR] Incorrect definition of table mysql.column_stats: expected column 'min_value' at position 3 to have type varbinary(255), found type varchar(255).
2019-05-02 14:46:15 7400 [ERROR] Incorrect definition of table mysql.column_stats: expected column 'max_value' at position 4 to have type varbinary(255), found type varchar(255).
2019-05-02 14:46:15 7400 [ERROR] Incorrect definition of table mysql.column_stats: expected column 'min_value' at position 3 to have type varbinary(255), found type varchar(255).
2019-05-02 14:46:15 7400 [ERROR] Incorrect definition of table mysql.column_stats: expected column 'max_value' at position 4 to have type varbinary(255), found type varchar(255).
2019-05-02 14:46:15 7400 [ERROR] Incorrect definition of table mysql.column_stats: expected column 'min_value' at position 3 to have type varbinary(255), found type varchar(255).
2019-05-02 14:46:15 7400 [ERROR] Incorrect definition of table mysql.column_stats: expected column 'max_value' at position 4 to have type varbinary(255), found type varchar(255).
2019-05-02 14:46:15 7400 [ERROR] Incorrect definition of table mysql.column_stats: expected column 'min_value' at position 3 to have type varbinary(255), found type varchar(255).
2019-05-02 14:46:15 7400 [ERROR] Incorrect definition of table mysql.column_stats: expected column 'max_value' at position 4 to have type varbinary(255), found type varchar(255).
2019-05-02 14:46:15 7400 [ERROR] Incorrect definition of table mysql.column_stats: expected column 'min_value' at position 3 to have type varbinary(255), found type varchar(255).
2019-05-02 14:46:15 7400 [ERROR] Incorrect definition of table mysql.column_stats: expected column 'max_value' at position 4 to have type varbinary(255), found type varchar(255).
2019-05-02 14:50:04 7400 [ERROR] Incorrect definition of table mysql.column_stats: expected column 'min_value' at position 3 to have type varbinary(255), found type varchar(255).
2019-05-02 14:50:04 7400 [ERROR] Incorrect definition of table mysql.column_stats: expected column 'max_value' at position 4 to have type varbinary(255), found type varchar(255).
2019-05-02 14:50:05 7400 [ERROR] Incorrect definition of table mysql.column_stats: expected column 'min_value' at position 3 to have type varbinary(255), found type varchar(255).
2019-05-02 14:50:05 7400 [ERROR] Incorrect definition of table mysql.column_stats: expected column 'max_value' at position 4 to have type varbinary(255), found type varchar(255).
2019-05-02 14:50:06 7400 [ERROR] Incorrect definition of table mysql.column_stats: expected column 'min_value' at position 3 to have type varbinary(255), found type varchar(255).
2019-05-02 14:50:06 7400 [ERROR] Incorrect definition of table mysql.column_stats: expected column 'max_value' at position 4 to have type varbinary(255), found type varchar(255).
2019-05-02 14:50:06 7400 [ERROR] Incorrect definition of table mysql.column_stats: expected column 'min_value' at position 3 to have type varbinary(255), found type varchar(255).
2019-05-02 14:50:06 7400 [ERROR] Incorrect definition of table mysql.column_stats: expected column 'max_value' at position 4 to have type varbinary(255), found type varchar(255).
2019-05-02 14:50:07 7400 [ERROR] Incorrect definition of table mysql.column_stats: expected column 'min_value' at position 3 to have type varbinary(255), found type varchar(255).
2019-05-02 14:50:07 7400 [ERROR] Incorrect definition of table mysql.column_stats: expected column 'max_value' at position 4 to have type varbinary(255), found type varchar(255).
2019-05-02 14:50:07 7400 [ERROR] Incorrect definition of table mysql.column_stats: expected column 'min_value' at position 3 to have type varbinary(255), found type varchar(255).
2019-05-02 14:50:07 7400 [ERROR] Incorrect definition of table mysql.column_stats: expected column 'max_value' at position 4 to have type varbinary(255), found type varchar(255).
2019-05-02 14:50:07 7400 [ERROR] Incorrect definition of table mysql.column_stats: expected column 'min_value' at position 3 to have type varbinary(255), found type varchar(255).
2019-05-02 14:50:07 7400 [ERROR] Incorrect definition of table mysql.column_stats: expected column 'max_value' at position 4 to have type varbinary(255), found type varchar(255).
2019-05-02 14:50:08 7400 [ERROR] Incorrect definition of table mysql.column_stats: expected column 'min_value' at position 3 to have type varbinary(255), found type varchar(255).
2019-05-02 14:50:08 7400 [ERROR] Incorrect definition of table mysql.column_stats: expected column 'max_value' at position 4 to have type varbinary(255), found type varchar(255).
2019-05-02 14:54:37 7400 [ERROR] Incorrect definition of table mysql.column_stats: expected column 'min_value' at position 3 to have type varbinary(255), found type varchar(255).
2019-05-02 14:54:37 7400 [ERROR] Incorrect definition of table mysql.column_stats: expected column 'max_value' at position 4 to have type varbinary(255), found type varchar(255).
2019-05-02 14:54:37 7400 [ERROR] Incorrect definition of table mysql.column_stats: expected column 'min_value' at position 3 to have type varbinary(255), found type varchar(255).
2019-05-02 14:54:37 7400 [ERROR] Incorrect definition of table mysql.column_stats: expected column 'max_value' at position 4 to have type varbinary(255), found type varchar(255).
2019-05-02 14:54:37 7400 [ERROR] Incorrect definition of table mysql.column_stats: expected column 'min_value' at position 3 to have type varbinary(255), found type varchar(255).
2019-05-02 14:54:37 7400 [ERROR] Incorrect definition of table mysql.column_stats: expected column 'max_value' at position 4 to have type varbinary(255), found type varchar(255).
2019-05-02 14:54:37 7400 [ERROR] Incorrect definition of table mysql.column_stats: expected column 'min_value' at position 3 to have type varbinary(255), found type varchar(255).
2019-05-02 14:54:37 7400 [ERROR] Incorrect definition of table mysql.column_stats: expected column 'max_value' at position 4 to have type varbinary(255), found type varchar(255).
2019-05-02 14:54:37 7400 [ERROR] Incorrect definition of table mysql.column_stats: expected column 'min_value' at position 3 to have type varbinary(255), found type varchar(255).
2019-05-02 14:54:37 7400 [ERROR] Incorrect definition of table mysql.column_stats: expected column 'max_value' at position 4 to have type varbinary(255), found type varchar(255).
2019-05-02 14:54:37 7400 [ERROR] Incorrect definition of table mysql.column_stats: expected column 'min_value' at position 3 to have type varbinary(255), found type varchar(255).
2019-05-02 14:54:37 7400 [ERROR] Incorrect definition of table mysql.column_stats: expected column 'max_value' at position 4 to have type varbinary(255), found type varchar(255).
2019-05-02 14:54:37 7400 [ERROR] Incorrect definition of table mysql.column_stats: expected column 'min_value' at position 3 to have type varbinary(255), found type varchar(255).
2019-05-02 14:54:37 7400 [ERROR] Incorrect definition of table mysql.column_stats: expected column 'max_value' at position 4 to have type varbinary(255), found type varchar(255).
2019-05-02 14:54:37 7400 [ERROR] Incorrect definition of table mysql.column_stats: expected column 'min_value' at position 3 to have type varbinary(255), found type varchar(255).
2019-05-02 14:54:37 7400 [ERROR] Incorrect definition of table mysql.column_stats: expected column 'max_value' at position 4 to have type varbinary(255), found type varchar(255).
2019-05-02 14:55:26 11944 [ERROR] Incorrect definition of table mysql.column_stats: expected column 'min_value' at position 3 to have type varbinary(255), found type varchar(255).
2019-05-02 14:55:26 11944 [ERROR] Incorrect definition of table mysql.column_stats: expected column 'max_value' at position 4 to have type varbinary(255), found type varchar(255).
2019-05-02 14:55:27 11944 [ERROR] Incorrect definition of table mysql.column_stats: expected column 'min_value' at position 3 to have type varbinary(255), found type varchar(255).
2019-05-02 14:55:27 11944 [ERROR] Incorrect definition of table mysql.column_stats: expected column 'max_value' at position 4 to have type varbinary(255), found type varchar(255).
2019-05-02 14:55:27 11944 [ERROR] Incorrect definition of table mysql.column_stats: expected column 'min_value' at position 3 to have type varbinary(255), found type varchar(255).
2019-05-02 14:55:27 11944 [ERROR] Incorrect definition of table mysql.column_stats: expected column 'max_value' at position 4 to have type varbinary(255), found type varchar(255).
2019-05-02 14:55:27 11944 [ERROR] Incorrect definition of table mysql.column_stats: expected column 'min_value' at position 3 to have type varbinary(255), found type varchar(255).
2019-05-02 14:55:27 11944 [ERROR] Incorrect definition of table mysql.column_stats: expected column 'max_value' at position 4 to have type varbinary(255), found type varchar(255).
2019-05-02 14:55:28 11944 [ERROR] Incorrect definition of table mysql.column_stats: expected column 'min_value' at position 3 to have type varbinary(255), found type varchar(255).
2019-05-02 14:55:28 11944 [ERROR] Incorrect definition of table mysql.column_stats: expected column 'max_value' at position 4 to have type varbinary(255), found type varchar(255).
2019-05-02 14:55:28 11944 [ERROR] Incorrect definition of table mysql.column_stats: expected column 'min_value' at position 3 to have type varbinary(255), found type varchar(255).
2019-05-02 14:55:28 11944 [ERROR] Incorrect definition of table mysql.column_stats: expected column 'max_value' at position 4 to have type varbinary(255), found type varchar(255).
2019-05-02 14:55:28 11944 [ERROR] Incorrect definition of table mysql.column_stats: expected column 'min_value' at position 3 to have type varbinary(255), found type varchar(255).
2019-05-02 14:55:28 11944 [ERROR] Incorrect definition of table mysql.column_stats: expected column 'max_value' at position 4 to have type varbinary(255), found type varchar(255).
2019-05-02 14:55:29 11944 [ERROR] Incorrect definition of table mysql.column_stats: expected column 'min_value' at position 3 to have type varbinary(255), found type varchar(255).
2019-05-02 14:55:29 11944 [ERROR] Incorrect definition of table mysql.column_stats: expected column 'max_value' at position 4 to have type varbinary(255), found type varchar(255).
2019-05-31 11:57:13 2a30 InnoDB: Warning: Using innodb_additional_mem_pool_size is DEPRECATED. This option may be removed in future releases, together with the option innodb_use_sys_malloc and with the InnoDB's internal memory allocator.
2019-05-31 11:57:13 10800 [Note] InnoDB: innodb_empty_free_list_algorithm has been changed to legacy because of small buffer pool size. In order to use backoff, increase buffer pool at least up to 20MB.

2019-05-31 11:57:13 10800 [Note] InnoDB: Using mutexes to ref count buffer pool pages
2019-05-31 11:57:13 10800 [Note] InnoDB: The InnoDB memory heap is disabled
2019-05-31 11:57:13 10800 [Note] InnoDB: Mutexes and rw_locks use Windows interlocked functions
2019-05-31 11:57:13 10800 [Note] InnoDB: _mm_lfence() and _mm_sfence() are used for memory barrier
2019-05-31 11:57:13 10800 [Note] InnoDB: Compressed tables use zlib 1.2.11
2019-05-31 11:57:13 10800 [Note] InnoDB: Using generic crc32 instructions
2019-05-31 11:57:13 10800 [Note] InnoDB: Initializing buffer pool, size = 16.0M
2019-05-31 11:57:13 10800 [Note] InnoDB: Completed initialization of buffer pool
2019-05-31 11:57:13 10800 [Note] InnoDB: Highest supported file format is Barracuda.
2019-05-31 11:57:13 10800 [Note] InnoDB: The log sequence number 1835087 in ibdata file do not match the log sequence number 3083708 in the ib_logfiles!
2019-05-31 11:57:13 10800 [Note] InnoDB: Restoring possible half-written data pages from the doublewrite buffer...
2019-05-31 11:57:13 10800 [Note] InnoDB: 128 rollback segment(s) are active.
2019-05-31 11:57:13 10800 [Note] InnoDB: Waiting for purge to start
2019-05-31 11:57:13 10800 [Note] InnoDB:  Percona XtraDB (http://www.percona.com) 5.6.42-84.2 started; log sequence number 3083708
2019-05-31 11:57:13 1764 [Note] InnoDB: Dumping buffer pool(s) not yet started
2019-05-31 11:57:13 10800 [Note] Plugin 'FEEDBACK' is disabled.
2019-05-31 11:57:13 10800 [Note] Server socket created on IP: '::'.
2019-05-31 11:57:13 10800 [ERROR] mysqld.exe: Table '.\mysql\user' is marked as crashed and should be repaired
2019-05-31 11:57:13 10800 [Warning] Checking table:   '.\mysql\user'
2019-05-31 11:57:13 10800 [ERROR] mysql.user: 1 client is using or hasn't closed the table properly
2019-05-31 11:57:13 10800 [Note] c:\xampp\mysql\bin\mysqld.exe: ready for connections.
Version: '10.1.38-MariaDB'  socket: ''  port: 3306  mariadb.org binary distribution
2019-05-31 12:18:40 17b4 InnoDB: Warning: Using innodb_additional_mem_pool_size is DEPRECATED. This option may be removed in future releases, together with the option innodb_use_sys_malloc and with the InnoDB's internal memory allocator.
2019-05-31 12:18:40 6068 [Note] InnoDB: innodb_empty_free_list_algorithm has been changed to legacy because of small buffer pool size. In order to use backoff, increase buffer pool at least up to 20MB.

2019-05-31 12:18:40 6068 [Note] InnoDB: Using mutexes to ref count buffer pool pages
2019-05-31 12:18:40 6068 [Note] InnoDB: The InnoDB memory heap is disabled
2019-05-31 12:18:40 6068 [Note] InnoDB: Mutexes and rw_locks use Windows interlocked functions
2019-05-31 12:18:40 6068 [Note] InnoDB: _mm_lfence() and _mm_sfence() are used for memory barrier
2019-05-31 12:18:40 6068 [Note] InnoDB: Compressed tables use zlib 1.2.11
2019-05-31 12:18:40 6068 [Note] InnoDB: Using generic crc32 instructions
2019-05-31 12:18:40 6068 [Note] InnoDB: Initializing buffer pool, size = 16.0M
2019-05-31 12:18:40 6068 [Note] InnoDB: Completed initialization of buffer pool
2019-05-31 12:18:40 6068 [Note] InnoDB: Highest supported file format is Barracuda.
2019-05-31 12:18:40 6068 [Note] InnoDB: The log sequence number 1835087 in ibdata file do not match the log sequence number 3083718 in the ib_logfiles!
2019-05-31 12:18:40 6068 [Note] InnoDB: Restoring possible half-written data pages from the doublewrite buffer...
2019-05-31 12:18:40 6068 [Note] InnoDB: 128 rollback segment(s) are active.
2019-05-31 12:18:40 6068 [Note] InnoDB: Waiting for purge to start
2019-05-31 12:18:40 6068 [Note] InnoDB:  Percona XtraDB (http://www.percona.com) 5.6.42-84.2 started; log sequence number 3083718
2019-05-31 12:18:40 9188 [Note] InnoDB: Dumping buffer pool(s) not yet started
2019-05-31 12:18:40 6068 [Note] Plugin 'FEEDBACK' is disabled.
2019-05-31 12:18:40 6068 [Note] Server socket created on IP: '::'.
2019-05-31 12:18:40 6068 [Note] c:\xampp\mysql\bin\mysqld.exe: ready for connections.
Version: '10.1.38-MariaDB'  socket: ''  port: 3306  mariadb.org binary distribution
2019-05-31 12:36:29 ee4 InnoDB: Warning: Using innodb_additional_mem_pool_size is DEPRECATED. This option may be removed in future releases, together with the option innodb_use_sys_malloc and with the InnoDB's internal memory allocator.
2019-05-31 12:36:29 3812 [Note] InnoDB: innodb_empty_free_list_algorithm has been changed to legacy because of small buffer pool size. In order to use backoff, increase buffer pool at least up to 20MB.

2019-05-31 12:36:29 3812 [Note] InnoDB: Using mutexes to ref count buffer pool pages
2019-05-31 12:36:29 3812 [Note] InnoDB: The InnoDB memory heap is disabled
2019-05-31 12:36:29 3812 [Note] InnoDB: Mutexes and rw_locks use Windows interlocked functions
2019-05-31 12:36:29 3812 [Note] InnoDB: _mm_lfence() and _mm_sfence() are used for memory barrier
2019-05-31 12:36:29 3812 [Note] InnoDB: Compressed tables use zlib 1.2.11
2019-05-31 12:36:29 3812 [Note] InnoDB: Using generic crc32 instructions
2019-05-31 12:36:29 3812 [Note] InnoDB: Initializing buffer pool, size = 16.0M
2019-05-31 12:36:29 3812 [Note] InnoDB: Completed initialization of buffer pool
2019-05-31 12:36:29 3812 [Note] InnoDB: Highest supported file format is Barracuda.
2019-05-31 12:36:29 3812 [Note] InnoDB: The log sequence number 1835087 in ibdata file do not match the log sequence number 3083728 in the ib_logfiles!
2019-05-31 12:36:29 3812 [Note] InnoDB: Restoring possible half-written data pages from the doublewrite buffer...
2019-05-31 12:36:30 3812 [Note] InnoDB: 128 rollback segment(s) are active.
2019-05-31 12:36:30 3812 [Note] InnoDB: Waiting for purge to start
2019-05-31 12:36:30 3812 [Note] InnoDB:  Percona XtraDB (http://www.percona.com) 5.6.42-84.2 started; log sequence number 3083728
2019-05-31 12:36:30 4976 [Note] InnoDB: Dumping buffer pool(s) not yet started
2019-05-31 12:36:30 3812 [Note] Plugin 'FEEDBACK' is disabled.
2019-05-31 12:36:30 3812 [Note] Server socket created on IP: '::'.
2019-05-31 12:36:30 3812 [Note] c:\xampp\mysql\bin\mysqld.exe: ready for connections.
Version: '10.1.38-MariaDB'  socket: ''  port: 3306  mariadb.org binary distribution
2019-05-31 12:39:32 13e0 InnoDB: Warning: Using innodb_additional_mem_pool_size is DEPRECATED. This option may be removed in future releases, together with the option innodb_use_sys_malloc and with the InnoDB's internal memory allocator.
2019-05-31 12:39:32 5088 [Note] InnoDB: innodb_empty_free_list_algorithm has been changed to legacy because of small buffer pool size. In order to use backoff, increase buffer pool at least up to 20MB.

2019-05-31 12:39:32 5088 [Note] InnoDB: Using mutexes to ref count buffer pool pages
2019-05-31 12:39:32 5088 [Note] InnoDB: The InnoDB memory heap is disabled
2019-05-31 12:39:32 5088 [Note] InnoDB: Mutexes and rw_locks use Windows interlocked functions
2019-05-31 12:39:32 5088 [Note] InnoDB: _mm_lfence() and _mm_sfence() are used for memory barrier
2019-05-31 12:39:32 5088 [Note] InnoDB: Compressed tables use zlib 1.2.11
2019-05-31 12:39:32 5088 [Note] InnoDB: Using generic crc32 instructions
2019-05-31 12:39:32 5088 [Note] InnoDB: Initializing buffer pool, size = 16.0M
2019-05-31 12:39:32 5088 [Note] InnoDB: Completed initialization of buffer pool
2019-05-31 12:39:32 5088 [Note] InnoDB: Highest supported file format is Barracuda.
2019-05-31 12:39:32 5088 [Note] InnoDB: The log sequence number 1835087 in ibdata file do not match the log sequence number 3083738 in the ib_logfiles!
2019-05-31 12:39:32 5088 [Note] InnoDB: Restoring possible half-written data pages from the doublewrite buffer...
2019-05-31 12:39:33 5088 [Note] InnoDB: 128 rollback segment(s) are active.
2019-05-31 12:39:33 5088 [Note] InnoDB: Waiting for purge to start
2019-05-31 12:39:33 5088 [Note] InnoDB:  Percona XtraDB (http://www.percona.com) 5.6.42-84.2 started; log sequence number 3083738
2019-05-31 12:39:33 12740 [Note] InnoDB: Dumping buffer pool(s) not yet started
2019-05-31 12:39:33 5088 [Note] Plugin 'FEEDBACK' is disabled.
2019-05-31 12:39:33 5088 [Note] Server socket created on IP: '::'.
2019-05-31 12:39:33 5088 [Note] c:\xampp\mysql\bin\mysqld.exe: ready for connections.
Version: '10.1.38-MariaDB'  socket: ''  port: 3306  mariadb.org binary distribution
2019-05-31 12:41:49 6308 [ERROR] Incorrect definition of table mysql.column_stats: expected column 'min_value' at position 3 to have type varbinary(255), found type varchar(255).
2019-05-31 12:41:49 6308 [ERROR] Incorrect definition of table mysql.column_stats: expected column 'max_value' at position 4 to have type varbinary(255), found type varchar(255).
2019-05-31 12:41:49 6308 [ERROR] Incorrect definition of table mysql.column_stats: expected column 'min_value' at position 3 to have type varbinary(255), found type varchar(255).
2019-05-31 12:41:49 6308 [ERROR] Incorrect definition of table mysql.column_stats: expected column 'max_value' at position 4 to have type varbinary(255), found type varchar(255).
2019-05-31 12:41:49 6308 [ERROR] Incorrect definition of table mysql.column_stats: expected column 'min_value' at position 3 to have type varbinary(255), found type varchar(255).
2019-05-31 12:41:49 6308 [ERROR] Incorrect definition of table mysql.column_stats: expected column 'max_value' at position 4 to have type varbinary(255), found type varchar(255).
2019-05-31 12:41:49 6308 [ERROR] Incorrect definition of table mysql.column_stats: expected column 'min_value' at position 3 to have type varbinary(255), found type varchar(255).
2019-05-31 12:41:49 6308 [ERROR] Incorrect definition of table mysql.column_stats: expected column 'max_value' at position 4 to have type varbinary(255), found type varchar(255).
2019-05-31 12:41:49 6308 [ERROR] Incorrect definition of table mysql.column_stats: expected column 'min_value' at position 3 to have type varbinary(255), found type varchar(255).
2019-05-31 12:41:49 6308 [ERROR] Incorrect definition of table mysql.column_stats: expected column 'max_value' at position 4 to have type varbinary(255), found type varchar(255).
2019-05-31 12:42:22 8796 [ERROR] Incorrect definition of table mysql.column_stats: expected column 'min_value' at position 3 to have type varbinary(255), found type varchar(255).
2019-05-31 12:42:22 8796 [ERROR] Incorrect definition of table mysql.column_stats: expected column 'max_value' at position 4 to have type varbinary(255), found type varchar(255).
2019-05-31 12:42:22 8796 [ERROR] Incorrect definition of table mysql.column_stats: expected column 'min_value' at position 3 to have type varbinary(255), found type varchar(255).
2019-05-31 12:42:22 8796 [ERROR] Incorrect definition of table mysql.column_stats: expected column 'max_value' at position 4 to have type varbinary(255), found type varchar(255).
2019-05-31 12:42:22 8796 [ERROR] Incorrect definition of table mysql.column_stats: expected column 'min_value' at position 3 to have type varbinary(255), found type varchar(255).
2019-05-31 12:42:22 8796 [ERROR] Incorrect definition of table mysql.column_stats: expected column 'max_value' at position 4 to have type varbinary(255), found type varchar(255).
2019-05-31 12:42:22 8796 [ERROR] Incorrect definition of table mysql.column_stats: expected column 'min_value' at position 3 to have type varbinary(255), found type varchar(255).
2019-05-31 12:42:22 8796 [ERROR] Incorrect definition of table mysql.column_stats: expected column 'max_value' at position 4 to have type varbinary(255), found type varchar(255).
2019-05-31 12:42:22 8796 [ERROR] Incorrect definition of table mysql.column_stats: expected column 'min_value' at position 3 to have type varbinary(255), found type varchar(255).
2019-05-31 12:42:22 8796 [ERROR] Incorrect definition of table mysql.column_stats: expected column 'max_value' at position 4 to have type varbinary(255), found type varchar(255).
2019-05-31 12:42:50 8796 [ERROR] Incorrect definition of table mysql.column_stats: expected column 'min_value' at position 3 to have type varbinary(255), found type varchar(255).
2019-05-31 12:42:51 8796 [ERROR] Incorrect definition of table mysql.column_stats: expected column 'max_value' at position 4 to have type varbinary(255), found type varchar(255).
2019-05-31 12:42:51 8796 [ERROR] Incorrect definition of table mysql.column_stats: expected column 'min_value' at position 3 to have type varbinary(255), found type varchar(255).
2019-05-31 12:42:51 8796 [ERROR] Incorrect definition of table mysql.column_stats: expected column 'max_value' at position 4 to have type varbinary(255), found type varchar(255).
2019-05-31 12:42:51 8796 [ERROR] Incorrect definition of table mysql.column_stats: expected column 'min_value' at position 3 to have type varbinary(255), found type varchar(255).
2019-05-31 12:42:51 8796 [ERROR] Incorrect definition of table mysql.column_stats: expected column 'max_value' at position 4 to have type varbinary(255), found type varchar(255).
2019-05-31 12:42:51 8796 [ERROR] Incorrect definition of table mysql.column_stats: expected column 'min_value' at position 3 to have type varbinary(255), found type varchar(255).
2019-05-31 12:42:51 8796 [ERROR] Incorrect definition of table mysql.column_stats: expected column 'max_value' at position 4 to have type varbinary(255), found type varchar(255).
2019-05-31 12:42:51 8796 [ERROR] Incorrect definition of table mysql.column_stats: expected column 'min_value' at position 3 to have type varbinary(255), found type varchar(255).
2019-05-31 12:42:51 8796 [ERROR] Incorrect definition of table mysql.column_stats: expected column 'max_value' at position 4 to have type varbinary(255), found type varchar(255).
2019-05-31 12:42:51 8796 [ERROR] Incorrect definition of table mysql.column_stats: expected column 'min_value' at position 3 to have type varbinary(255), found type varchar(255).
2019-05-31 12:42:51 8796 [ERROR] Incorrect definition of table mysql.column_stats: expected column 'max_value' at position 4 to have type varbinary(255), found type varchar(255).
2019-05-31 12:42:51 8796 [ERROR] Incorrect definition of table mysql.column_stats: expected column 'min_value' at position 3 to have type varbinary(255), found type varchar(255).
2019-05-31 12:42:51 8796 [ERROR] Incorrect definition of table mysql.column_stats: expected column 'max_value' at position 4 to have type varbinary(255), found type varchar(255).
2019-05-31 12:42:51 8796 [ERROR] Incorrect definition of table mysql.column_stats: expected column 'min_value' at position 3 to have type varbinary(255), found type varchar(255).
2019-05-31 12:42:51 8796 [ERROR] Incorrect definition of table mysql.column_stats: expected column 'max_value' at position 4 to have type varbinary(255), found type varchar(255).
2019-05-31 12:48:12 8796 [ERROR] Incorrect definition of table mysql.column_stats: expected column 'min_value' at position 3 to have type varbinary(255), found type varchar(255).
2019-05-31 12:48:12 8796 [ERROR] Incorrect definition of table mysql.column_stats: expected column 'max_value' at position 4 to have type varbinary(255), found type varchar(255).
2019-05-31 12:48:12 8796 [ERROR] Incorrect definition of table mysql.column_stats: expected column 'min_value' at position 3 to have type varbinary(255), found type varchar(255).
2019-05-31 12:48:12 8796 [ERROR] Incorrect definition of table mysql.column_stats: expected column 'max_value' at position 4 to have type varbinary(255), found type varchar(255).
2019-05-31 12:48:12 8796 [ERROR] Incorrect definition of table mysql.column_stats: expected column 'min_value' at position 3 to have type varbinary(255), found type varchar(255).
2019-05-31 12:48:12 8796 [ERROR] Incorrect definition of table mysql.column_stats: expected column 'max_value' at position 4 to have type varbinary(255), found type varchar(255).
2019-05-31 12:48:12 8796 [ERROR] Incorrect definition of table mysql.column_stats: expected column 'min_value' at position 3 to have type varbinary(255), found type varchar(255).
2019-05-31 12:48:12 8796 [ERROR] Incorrect definition of table mysql.column_stats: expected column 'max_value' at position 4 to have type varbinary(255), found type varchar(255).
2019-05-31 12:48:12 8796 [ERROR] Incorrect definition of table mysql.column_stats: expected column 'min_value' at position 3 to have type varbinary(255), found type varchar(255).
2019-05-31 12:48:12 8796 [ERROR] Incorrect definition of table mysql.column_stats: expected column 'max_value' at position 4 to have type varbinary(255), found type varchar(255).
2019-05-31 12:48:12 8796 [ERROR] Incorrect definition of table mysql.column_stats: expected column 'min_value' at position 3 to have type varbinary(255), found type varchar(255).
2019-05-31 12:48:12 8796 [ERROR] Incorrect definition of table mysql.column_stats: expected column 'max_value' at position 4 to have type varbinary(255), found type varchar(255).
2019-05-31 12:48:12 8796 [ERROR] Incorrect definition of table mysql.column_stats: expected column 'min_value' at position 3 to have type varbinary(255), found type varchar(255).
2019-05-31 12:48:12 8796 [ERROR] Incorrect definition of table mysql.column_stats: expected column 'max_value' at position 4 to have type varbinary(255), found type varchar(255).
2019-05-31 12:48:12 8796 [ERROR] Incorrect definition of table mysql.column_stats: expected column 'min_value' at position 3 to have type varbinary(255), found type varchar(255).
2019-05-31 12:48:12 8796 [ERROR] Incorrect definition of table mysql.column_stats: expected column 'max_value' at position 4 to have type varbinary(255), found type varchar(255).
2019-05-31 12:48:52 8796 [ERROR] Incorrect definition of table mysql.column_stats: expected column 'min_value' at position 3 to have type varbinary(255), found type varchar(255).
2019-05-31 12:48:52 8796 [ERROR] Incorrect definition of table mysql.column_stats: expected column 'max_value' at position 4 to have type varbinary(255), found type varchar(255).
2019-05-31 12:48:52 8796 [ERROR] Incorrect definition of table mysql.column_stats: expected column 'min_value' at position 3 to have type varbinary(255), found type varchar(255).
2019-05-31 12:48:52 8796 [ERROR] Incorrect definition of table mysql.column_stats: expected column 'max_value' at position 4 to have type varbinary(255), found type varchar(255).
2019-05-31 12:48:52 8796 [ERROR] Incorrect definition of table mysql.column_stats: expected column 'min_value' at position 3 to have type varbinary(255), found type varchar(255).
2019-05-31 12:48:52 8796 [ERROR] Incorrect definition of table mysql.column_stats: expected column 'max_value' at position 4 to have type varbinary(255), found type varchar(255).
2019-05-31 12:48:52 8796 [ERROR] Incorrect definition of table mysql.column_stats: expected column 'min_value' at position 3 to have type varbinary(255), found type varchar(255).
2019-05-31 12:48:52 8796 [ERROR] Incorrect definition of table mysql.column_stats: expected column 'max_value' at position 4 to have type varbinary(255), found type varchar(255).
2019-05-31 12:48:52 8796 [ERROR] Incorrect definition of table mysql.column_stats: expected column 'min_value' at position 3 to have type varbinary(255), found type varchar(255).
2019-05-31 12:48:52 8796 [ERROR] Incorrect definition of table mysql.column_stats: expected column 'max_value' at position 4 to have type varbinary(255), found type varchar(255).
2019-05-31 12:48:52 8796 [ERROR] Incorrect definition of table mysql.column_stats: expected column 'min_value' at position 3 to have type varbinary(255), found type varchar(255).
2019-05-31 12:48:52 8796 [ERROR] Incorrect definition of table mysql.column_stats: expected column 'max_value' at position 4 to have type varbinary(255), found type varchar(255).
2019-05-31 12:48:52 8796 [ERROR] Incorrect definition of table mysql.column_stats: expected column 'min_value' at position 3 to have type varbinary(255), found type varchar(255).
2019-05-31 12:48:52 8796 [ERROR] Incorrect definition of table mysql.column_stats: expected column 'max_value' at position 4 to have type varbinary(255), found type varchar(255).
2019-05-31 12:48:52 8796 [ERROR] Incorrect definition of table mysql.column_stats: expected column 'min_value' at position 3 to have type varbinary(255), found type varchar(255).
2019-05-31 12:48:52 8796 [ERROR] Incorrect definition of table mysql.column_stats: expected column 'max_value' at position 4 to have type varbinary(255), found type varchar(255).
2019-05-31 12:48:52 8796 [ERROR] Incorrect definition of table mysql.column_stats: expected column 'min_value' at position 3 to have type varbinary(255), found type varchar(255).
2019-05-31 12:48:52 8796 [ERROR] Incorrect definition of table mysql.column_stats: expected column 'max_value' at position 4 to have type varbinary(255), found type varchar(255).
2019-05-31 12:49:04 3634 InnoDB: Warning: Using innodb_additional_mem_pool_size is DEPRECATED. This option may be removed in future releases, together with the option innodb_use_sys_malloc and with the InnoDB's internal memory allocator.
2019-05-31 12:49:04 13876 [Note] InnoDB: innodb_empty_free_list_algorithm has been changed to legacy because of small buffer pool size. In order to use backoff, increase buffer pool at least up to 20MB.

2019-05-31 12:49:04 13876 [Note] InnoDB: Using mutexes to ref count buffer pool pages
2019-05-31 12:49:04 13876 [Note] InnoDB: The InnoDB memory heap is disabled
2019-05-31 12:49:04 13876 [Note] InnoDB: Mutexes and rw_locks use Windows interlocked functions
2019-05-31 12:49:04 13876 [Note] InnoDB: _mm_lfence() and _mm_sfence() are used for memory barrier
2019-05-31 12:49:04 13876 [Note] InnoDB: Compressed tables use zlib 1.2.11
2019-05-31 12:49:04 13876 [Note] InnoDB: Using generic crc32 instructions
2019-05-31 12:49:04 13876 [Note] InnoDB: Initializing buffer pool, size = 16.0M
2019-05-31 12:49:04 13876 [Note] InnoDB: Completed initialization of buffer pool
2019-05-31 12:49:04 13876 [Note] InnoDB: Highest supported file format is Barracuda.
2019-05-31 12:49:04 13876 [Note] InnoDB: Starting crash recovery from checkpoint LSN=4447888
2019-05-31 12:49:04 13876 [Note] InnoDB: Restoring possible half-written data pages from the doublewrite buffer...
2019-05-31 12:49:04 13876 [Note] InnoDB: Starting final batch to recover 2 pages from redo log
2019-05-31 12:49:05 13876 [Note] InnoDB: 128 rollback segment(s) are active.
2019-05-31 12:49:05 13876 [Note] InnoDB: Waiting for purge to start
2019-05-31 12:49:05 13876 [Note] InnoDB:  Percona XtraDB (http://www.percona.com) 5.6.42-84.2 started; log sequence number 4450756
2019-05-31 12:49:05 13600 [Note] InnoDB: Dumping buffer pool(s) not yet started
2019-05-31 12:49:05 13876 [Note] Plugin 'FEEDBACK' is disabled.
2019-05-31 12:49:05 13876 [Note] Server socket created on IP: '::'.
2019-05-31 12:49:05 13876 [Note] c:\xampp\mysql\bin\mysqld.exe: ready for connections.
Version: '10.1.38-MariaDB'  socket: ''  port: 3306  mariadb.org binary distribution
2019-05-31 12:57:04 3676 [ERROR] Incorrect definition of table mysql.column_stats: expected column 'min_value' at position 3 to have type varbinary(255), found type varchar(255).
2019-05-31 12:57:04 3676 [ERROR] Incorrect definition of table mysql.column_stats: expected column 'max_value' at position 4 to have type varbinary(255), found type varchar(255).
2019-05-31 12:57:04 3676 [ERROR] Incorrect definition of table mysql.column_stats: expected column 'min_value' at position 3 to have type varbinary(255), found type varchar(255).
2019-05-31 12:57:04 3676 [ERROR] Incorrect definition of table mysql.column_stats: expected column 'max_value' at position 4 to have type varbinary(255), found type varchar(255).
2019-05-31 12:57:04 3676 [ERROR] Incorrect definition of table mysql.column_stats: expected column 'min_value' at position 3 to have type varbinary(255), found type varchar(255).
2019-05-31 12:57:04 3676 [ERROR] Incorrect definition of table mysql.column_stats: expected column 'max_value' at position 4 to have type varbinary(255), found type varchar(255).
2019-05-31 12:57:04 3676 [ERROR] Incorrect definition of table mysql.column_stats: expected column 'min_value' at position 3 to have type varbinary(255), found type varchar(255).
2019-05-31 12:57:04 3676 [ERROR] Incorrect definition of table mysql.column_stats: expected column 'max_value' at position 4 to have type varbinary(255), found type varchar(255).
2019-05-31 12:57:04 3676 [ERROR] Incorrect definition of table mysql.column_stats: expected column 'min_value' at position 3 to have type varbinary(255), found type varchar(255).
2019-05-31 12:57:04 3676 [ERROR] Incorrect definition of table mysql.column_stats: expected column 'max_value' at position 4 to have type varbinary(255), found type varchar(255).
2019-05-31 12:57:04 3676 [ERROR] Incorrect definition of table mysql.column_stats: expected column 'min_value' at position 3 to have type varbinary(255), found type varchar(255).
2019-05-31 12:57:04 3676 [ERROR] Incorrect definition of table mysql.column_stats: expected column 'max_value' at position 4 to have type varbinary(255), found type varchar(255).
2019-05-31 12:57:04 3676 [ERROR] Incorrect definition of table mysql.column_stats: expected column 'min_value' at position 3 to have type varbinary(255), found type varchar(255).
2019-05-31 12:57:04 3676 [ERROR] Incorrect definition of table mysql.column_stats: expected column 'max_value' at position 4 to have type varbinary(255), found type varchar(255).
2019-05-31 12:57:04 3676 [ERROR] Incorrect definition of table mysql.column_stats: expected column 'min_value' at position 3 to have type varbinary(255), found type varchar(255).
2019-05-31 12:57:04 3676 [ERROR] Incorrect definition of table mysql.column_stats: expected column 'max_value' at position 4 to have type varbinary(255), found type varchar(255).
2019-05-31 12:57:12 b34 InnoDB: Warning: Using innodb_additional_mem_pool_size is DEPRECATED. This option may be removed in future releases, together with the option innodb_use_sys_malloc and with the InnoDB's internal memory allocator.
2019-05-31 12:57:12 2868 [Note] InnoDB: innodb_empty_free_list_algorithm has been changed to legacy because of small buffer pool size. In order to use backoff, increase buffer pool at least up to 20MB.

2019-05-31 12:57:12 2868 [Note] InnoDB: Using mutexes to ref count buffer pool pages
2019-05-31 12:57:12 2868 [Note] InnoDB: The InnoDB memory heap is disabled
2019-05-31 12:57:12 2868 [Note] InnoDB: Mutexes and rw_locks use Windows interlocked functions
2019-05-31 12:57:12 2868 [Note] InnoDB: _mm_lfence() and _mm_sfence() are used for memory barrier
2019-05-31 12:57:12 2868 [Note] InnoDB: Compressed tables use zlib 1.2.11
2019-05-31 12:57:12 2868 [Note] InnoDB: Using generic crc32 instructions
2019-05-31 12:57:12 2868 [Note] InnoDB: Initializing buffer pool, size = 16.0M
2019-05-31 12:57:12 2868 [Note] InnoDB: Completed initialization of buffer pool
2019-05-31 12:57:12 2868 [Note] InnoDB: Highest supported file format is Barracuda.
2019-05-31 12:57:12 2868 [Note] InnoDB: The log sequence number 1835087 in ibdata file do not match the log sequence number 4511541 in the ib_logfiles!
2019-05-31 12:57:12 2868 [Note] InnoDB: Restoring possible half-written data pages from the doublewrite buffer...
2019-05-31 12:57:12 2868 [Note] InnoDB: 128 rollback segment(s) are active.
2019-05-31 12:57:12 2868 [Note] InnoDB: Waiting for purge to start
2019-05-31 12:57:12 2868 [Note] InnoDB:  Percona XtraDB (http://www.percona.com) 5.6.42-84.2 started; log sequence number 4511541
2019-05-31 12:57:12 10900 [Note] InnoDB: Dumping buffer pool(s) not yet started
2019-05-31 12:57:12 2868 [Note] Plugin 'FEEDBACK' is disabled.
2019-05-31 12:57:12 2868 [Note] Server socket created on IP: '::'.
2019-05-31 12:57:12 2868 [Note] c:\xampp\mysql\bin\mysqld.exe: ready for connections.
Version: '10.1.38-MariaDB'  socket: ''  port: 3306  mariadb.org binary distribution
2019-05-31 13:08:10 364c InnoDB: Warning: Using innodb_additional_mem_pool_size is DEPRECATED. This option may be removed in future releases, together with the option innodb_use_sys_malloc and with the InnoDB's internal memory allocator.
2019-05-31 13:08:10 13900 [Note] InnoDB: innodb_empty_free_list_algorithm has been changed to legacy because of small buffer pool size. In order to use backoff, increase buffer pool at least up to 20MB.

2019-05-31 13:08:10 13900 [Note] InnoDB: Using mutexes to ref count buffer pool pages
2019-05-31 13:08:10 13900 [Note] InnoDB: The InnoDB memory heap is disabled
2019-05-31 13:08:10 13900 [Note] InnoDB: Mutexes and rw_locks use Windows interlocked functions
2019-05-31 13:08:10 13900 [Note] InnoDB: _mm_lfence() and _mm_sfence() are used for memory barrier
2019-05-31 13:08:10 13900 [Note] InnoDB: Compressed tables use zlib 1.2.11
2019-05-31 13:08:10 13900 [Note] InnoDB: Using generic crc32 instructions
2019-05-31 13:08:10 13900 [Note] InnoDB: Initializing buffer pool, size = 16.0M
2019-05-31 13:08:10 13900 [Note] InnoDB: Completed initialization of buffer pool
2019-05-31 13:08:10 13900 [Note] InnoDB: Highest supported file format is Barracuda.
2019-05-31 13:08:10 13900 [Note] InnoDB: The log sequence number 1835087 in ibdata file do not match the log sequence number 4516698 in the ib_logfiles!
2019-05-31 13:08:10 13900 [Note] InnoDB: Restoring possible half-written data pages from the doublewrite buffer...
2019-05-31 13:08:10 13900 [Note] InnoDB: 128 rollback segment(s) are active.
2019-05-31 13:08:10 13900 [Note] InnoDB: Waiting for purge to start
2019-05-31 13:08:10 13900 [Note] InnoDB:  Percona XtraDB (http://www.percona.com) 5.6.42-84.2 started; log sequence number 4516698
2019-05-31 13:08:10 4984 [Note] InnoDB: Dumping buffer pool(s) not yet started
2019-05-31 13:08:10 13900 [Note] Plugin 'FEEDBACK' is disabled.
2019-05-31 13:08:10 13900 [Note] Server socket created on IP: '::'.
2019-05-31 13:08:10 13900 [Note] c:\xampp\mysql\bin\mysqld.exe: ready for connections.
Version: '10.1.38-MariaDB'  socket: ''  port: 3306  mariadb.org binary distribution
2019-05-31 13:09:29 2a20 InnoDB: Warning: Using innodb_additional_mem_pool_size is DEPRECATED. This option may be removed in future releases, together with the option innodb_use_sys_malloc and with the InnoDB's internal memory allocator.
2019-05-31 13:09:29 10784 [Note] InnoDB: innodb_empty_free_list_algorithm has been changed to legacy because of small buffer pool size. In order to use backoff, increase buffer pool at least up to 20MB.

2019-05-31 13:09:29 10784 [Note] InnoDB: Using mutexes to ref count buffer pool pages
2019-05-31 13:09:29 10784 [Note] InnoDB: The InnoDB memory heap is disabled
2019-05-31 13:09:29 10784 [Note] InnoDB: Mutexes and rw_locks use Windows interlocked functions
2019-05-31 13:09:29 10784 [Note] InnoDB: _mm_lfence() and _mm_sfence() are used for memory barrier
2019-05-31 13:09:29 10784 [Note] InnoDB: Compressed tables use zlib 1.2.11
2019-05-31 13:09:29 10784 [Note] InnoDB: Using generic crc32 instructions
2019-05-31 13:09:29 10784 [Note] InnoDB: Initializing buffer pool, size = 16.0M
2019-05-31 13:09:29 10784 [Note] InnoDB: Completed initialization of buffer pool
2019-05-31 13:09:29 10784 [Note] InnoDB: Highest supported file format is Barracuda.
2019-05-31 13:09:29 10784 [Note] InnoDB: The log sequence number 1835087 in ibdata file do not match the log sequence number 4516708 in the ib_logfiles!
2019-05-31 13:09:29 10784 [Note] InnoDB: Restoring possible half-written data pages from the doublewrite buffer...
2019-05-31 13:09:29 10784 [Note] InnoDB: 128 rollback segment(s) are active.
2019-05-31 13:09:29 10784 [Note] InnoDB: Waiting for purge to start
2019-05-31 13:09:29 10784 [Note] InnoDB:  Percona XtraDB (http://www.percona.com) 5.6.42-84.2 started; log sequence number 4516708
2019-05-31 13:09:29 8656 [Note] InnoDB: Dumping buffer pool(s) not yet started
2019-05-31 13:09:29 10784 [Note] Plugin 'FEEDBACK' is disabled.
2019-05-31 13:09:29 10784 [Note] Server socket created on IP: '::'.
2019-05-31 13:09:29 10784 [Note] c:\xampp\mysql\bin\mysqld.exe: ready for connections.
Version: '10.1.38-MariaDB'  socket: ''  port: 3306  mariadb.org binary distribution
2019-05-31 13:12:29 1a48 InnoDB: Warning: Using innodb_additional_mem_pool_size is DEPRECATED. This option may be removed in future releases, together with the option innodb_use_sys_malloc and with the InnoDB's internal memory allocator.
2019-05-31 13:12:29 6728 [Note] InnoDB: innodb_empty_free_list_algorithm has been changed to legacy because of small buffer pool size. In order to use backoff, increase buffer pool at least up to 20MB.

2019-05-31 13:12:29 6728 [Note] InnoDB: Using mutexes to ref count buffer pool pages
2019-05-31 13:12:29 6728 [Note] InnoDB: The InnoDB memory heap is disabled
2019-05-31 13:12:29 6728 [Note] InnoDB: Mutexes and rw_locks use Windows interlocked functions
2019-05-31 13:12:29 6728 [Note] InnoDB: _mm_lfence() and _mm_sfence() are used for memory barrier
2019-05-31 13:12:29 6728 [Note] InnoDB: Compressed tables use zlib 1.2.11
2019-05-31 13:12:29 6728 [Note] InnoDB: Using generic crc32 instructions
2019-05-31 13:12:29 6728 [Note] InnoDB: Initializing buffer pool, size = 16.0M
2019-05-31 13:12:29 6728 [Note] InnoDB: Completed initialization of buffer pool
2019-05-31 13:12:29 6728 [Note] InnoDB: Highest supported file format is Barracuda.
2019-05-31 13:12:29 6728 [Note] InnoDB: The log sequence number 1835087 in ibdata file do not match the log sequence number 4516718 in the ib_logfiles!
2019-05-31 13:12:29 6728 [Note] InnoDB: Restoring possible half-written data pages from the doublewrite buffer...
2019-05-31 13:12:30 6728 [Note] InnoDB: 128 rollback segment(s) are active.
2019-05-31 13:12:30 6728 [Note] InnoDB: Waiting for purge to start
2019-05-31 13:12:30 6728 [Note] InnoDB:  Percona XtraDB (http://www.percona.com) 5.6.42-84.2 started; log sequence number 4516718
2019-05-31 13:12:30 13588 [Note] InnoDB: Dumping buffer pool(s) not yet started
2019-05-31 13:12:30 6728 [Note] Plugin 'FEEDBACK' is disabled.
2019-05-31 13:12:30 6728 [Note] Server socket created on IP: '::'.
2019-05-31 13:12:30 6728 [Note] c:\xampp\mysql\bin\mysqld.exe: ready for connections.
Version: '10.1.38-MariaDB'  socket: ''  port: 3306  mariadb.org binary distribution
2019-05-31 13:16:38 fc0 InnoDB: Warning: Using innodb_additional_mem_pool_size is DEPRECATED. This option may be removed in future releases, together with the option innodb_use_sys_malloc and with the InnoDB's internal memory allocator.
2019-05-31 13:16:38 4032 [Note] InnoDB: innodb_empty_free_list_algorithm has been changed to legacy because of small buffer pool size. In order to use backoff, increase buffer pool at least up to 20MB.

2019-05-31 13:16:38 4032 [Note] InnoDB: Using mutexes to ref count buffer pool pages
2019-05-31 13:16:38 4032 [Note] InnoDB: The InnoDB memory heap is disabled
2019-05-31 13:16:38 4032 [Note] InnoDB: Mutexes and rw_locks use Windows interlocked functions
2019-05-31 13:16:38 4032 [Note] InnoDB: _mm_lfence() and _mm_sfence() are used for memory barrier
2019-05-31 13:16:38 4032 [Note] InnoDB: Compressed tables use zlib 1.2.11
2019-05-31 13:16:38 4032 [Note] InnoDB: Using generic crc32 instructions
2019-05-31 13:16:38 4032 [Note] InnoDB: Initializing buffer pool, size = 16.0M
2019-05-31 13:16:38 4032 [Note] InnoDB: Completed initialization of buffer pool
2019-05-31 13:16:38 4032 [Note] InnoDB: Highest supported file format is Barracuda.
2019-05-31 13:16:38 4032 [Note] InnoDB: The log sequence number 1835087 in ibdata file do not match the log sequence number 4516728 in the ib_logfiles!
2019-05-31 13:16:38 4032 [Note] InnoDB: Restoring possible half-written data pages from the doublewrite buffer...
2019-05-31 13:16:39 4032 [Note] InnoDB: 128 rollback segment(s) are active.
2019-05-31 13:16:39 4032 [Note] InnoDB: Waiting for purge to start
2019-05-31 13:16:39 4032 [Note] InnoDB:  Percona XtraDB (http://www.percona.com) 5.6.42-84.2 started; log sequence number 4516728
2019-05-31 13:16:39 3216 [Note] InnoDB: Dumping buffer pool(s) not yet started
2019-05-31 13:16:39 4032 [Note] Plugin 'FEEDBACK' is disabled.
2019-05-31 13:16:39 4032 [Note] Server socket created on IP: '::'.
2019-05-31 13:16:39 4032 [Note] c:\xampp\mysql\bin\mysqld.exe: ready for connections.
Version: '10.1.38-MariaDB'  socket: ''  port: 3306  mariadb.org binary distribution
2019-05-31 13:18:30 e70 InnoDB: Warning: Using innodb_additional_mem_pool_size is DEPRECATED. This option may be removed in future releases, together with the option innodb_use_sys_malloc and with the InnoDB's internal memory allocator.
2019-05-31 13:18:30 3696 [Note] InnoDB: innodb_empty_free_list_algorithm has been changed to legacy because of small buffer pool size. In order to use backoff, increase buffer pool at least up to 20MB.

2019-05-31 13:18:30 3696 [Note] InnoDB: Using mutexes to ref count buffer pool pages
2019-05-31 13:18:30 3696 [Note] InnoDB: The InnoDB memory heap is disabled
2019-05-31 13:18:30 3696 [Note] InnoDB: Mutexes and rw_locks use Windows interlocked functions
2019-05-31 13:18:30 3696 [Note] InnoDB: _mm_lfence() and _mm_sfence() are used for memory barrier
2019-05-31 13:18:30 3696 [Note] InnoDB: Compressed tables use zlib 1.2.11
2019-05-31 13:18:30 3696 [Note] InnoDB: Using generic crc32 instructions
2019-05-31 13:18:30 3696 [Note] InnoDB: Initializing buffer pool, size = 16.0M
2019-05-31 13:18:30 3696 [Note] InnoDB: Completed initialization of buffer pool
2019-05-31 13:18:30 3696 [Note] InnoDB: Highest supported file format is Barracuda.
2019-05-31 13:18:30 3696 [Note] InnoDB: The log sequence number 1835087 in ibdata file do not match the log sequence number 4516738 in the ib_logfiles!
2019-05-31 13:18:30 3696 [Note] InnoDB: Restoring possible half-written data pages from the doublewrite buffer...
2019-05-31 13:18:30 3696 [Note] InnoDB: 128 rollback segment(s) are active.
2019-05-31 13:18:30 3696 [Note] InnoDB: Waiting for purge to start
2019-05-31 13:18:30 3696 [Note] InnoDB:  Percona XtraDB (http://www.percona.com) 5.6.42-84.2 started; log sequence number 4516738
2019-05-31 13:18:30 12656 [Note] InnoDB: Dumping buffer pool(s) not yet started
2019-05-31 13:18:30 3696 [Note] Plugin 'FEEDBACK' is disabled.
2019-05-31 13:18:30 3696 [Note] Server socket created on IP: '::'.
2019-05-31 13:18:30 3696 [Note] c:\xampp\mysql\bin\mysqld.exe: ready for connections.
Version: '10.1.38-MariaDB'  socket: ''  port: 3306  mariadb.org binary distribution
2019-05-31 13:19:36 1654 InnoDB: Warning: Using innodb_additional_mem_pool_size is DEPRECATED. This option may be removed in future releases, together with the option innodb_use_sys_malloc and with the InnoDB's internal memory allocator.
2019-05-31 13:19:36 5716 [Note] InnoDB: innodb_empty_free_list_algorithm has been changed to legacy because of small buffer pool size. In order to use backoff, increase buffer pool at least up to 20MB.

2019-05-31 13:19:36 5716 [Note] InnoDB: Using mutexes to ref count buffer pool pages
2019-05-31 13:19:36 5716 [Note] InnoDB: The InnoDB memory heap is disabled
2019-05-31 13:19:36 5716 [Note] InnoDB: Mutexes and rw_locks use Windows interlocked functions
2019-05-31 13:19:36 5716 [Note] InnoDB: _mm_lfence() and _mm_sfence() are used for memory barrier
2019-05-31 13:19:36 5716 [Note] InnoDB: Compressed tables use zlib 1.2.11
2019-05-31 13:19:36 5716 [Note] InnoDB: Using generic crc32 instructions
2019-05-31 13:19:36 5716 [Note] InnoDB: Initializing buffer pool, size = 16.0M
2019-05-31 13:19:36 5716 [Note] InnoDB: Completed initialization of buffer pool
2019-05-31 13:19:36 5716 [Note] InnoDB: Highest supported file format is Barracuda.
2019-05-31 13:19:36 5716 [Note] InnoDB: The log sequence number 1835087 in ibdata file do not match the log sequence number 4516748 in the ib_logfiles!
2019-05-31 13:19:36 5716 [Note] InnoDB: Restoring possible half-written data pages from the doublewrite buffer...
2019-05-31 13:19:37 5716 [Note] InnoDB: 128 rollback segment(s) are active.
2019-05-31 13:19:37 5716 [Note] InnoDB: Waiting for purge to start
2019-05-31 13:19:37 5716 [Note] InnoDB:  Percona XtraDB (http://www.percona.com) 5.6.42-84.2 started; log sequence number 4516748
2019-05-31 13:19:37 10612 [Note] InnoDB: Dumping buffer pool(s) not yet started
2019-05-31 13:19:37 5716 [Note] Plugin 'FEEDBACK' is disabled.
2019-05-31 13:19:37 5716 [Note] Server socket created on IP: '::'.
2019-05-31 13:19:37 5716 [Note] c:\xampp\mysql\bin\mysqld.exe: ready for connections.
Version: '10.1.38-MariaDB'  socket: ''  port: 3306  mariadb.org binary distribution
2019-05-31 13:20:28 c90 InnoDB: Warning: Using innodb_additional_mem_pool_size is DEPRECATED. This option may be removed in future releases, together with the option innodb_use_sys_malloc and with the InnoDB's internal memory allocator.
2019-05-31 13:20:28 3216 [Note] InnoDB: innodb_empty_free_list_algorithm has been changed to legacy because of small buffer pool size. In order to use backoff, increase buffer pool at least up to 20MB.

2019-05-31 13:20:28 3216 [Note] InnoDB: Using mutexes to ref count buffer pool pages
2019-05-31 13:20:28 3216 [Note] InnoDB: The InnoDB memory heap is disabled
2019-05-31 13:20:28 3216 [Note] InnoDB: Mutexes and rw_locks use Windows interlocked functions
2019-05-31 13:20:28 3216 [Note] InnoDB: _mm_lfence() and _mm_sfence() are used for memory barrier
2019-05-31 13:20:28 3216 [Note] InnoDB: Compressed tables use zlib 1.2.11
2019-05-31 13:20:28 3216 [Note] InnoDB: Using generic crc32 instructions
2019-05-31 13:20:28 3216 [Note] InnoDB: Initializing buffer pool, size = 16.0M
2019-05-31 13:20:28 3216 [Note] InnoDB: Completed initialization of buffer pool
2019-05-31 13:20:28 3216 [Note] InnoDB: Highest supported file format is Barracuda.
2019-05-31 13:20:28 3216 [Note] InnoDB: The log sequence number 1835087 in ibdata file do not match the log sequence number 4516758 in the ib_logfiles!
2019-05-31 13:20:28 3216 [Note] InnoDB: Restoring possible half-written data pages from the doublewrite buffer...
2019-05-31 13:20:28 3216 [Note] InnoDB: 128 rollback segment(s) are active.
2019-05-31 13:20:28 3216 [Note] InnoDB: Waiting for purge to start
2019-05-31 13:20:28 3216 [Note] InnoDB:  Percona XtraDB (http://www.percona.com) 5.6.42-84.2 started; log sequence number 4516758
2019-05-31 13:20:28 1036 [Note] InnoDB: Dumping buffer pool(s) not yet started
2019-05-31 13:20:28 3216 [Note] Plugin 'FEEDBACK' is disabled.
2019-05-31 13:20:28 3216 [Note] Server socket created on IP: '::'.
2019-05-31 13:20:28 3216 [Note] c:\xampp\mysql\bin\mysqld.exe: ready for connections.
Version: '10.1.38-MariaDB'  socket: ''  port: 3306  mariadb.org binary distribution
2019-05-31 13:22:05 808 InnoDB: Warning: Using innodb_additional_mem_pool_size is DEPRECATED. This option may be removed in future releases, together with the option innodb_use_sys_malloc and with the InnoDB's internal memory allocator.
2019-05-31 13:22:05 2056 [Note] InnoDB: innodb_empty_free_list_algorithm has been changed to legacy because of small buffer pool size. In order to use backoff, increase buffer pool at least up to 20MB.

2019-05-31 13:22:05 2056 [Note] InnoDB: Using mutexes to ref count buffer pool pages
2019-05-31 13:22:05 2056 [Note] InnoDB: The InnoDB memory heap is disabled
2019-05-31 13:22:05 2056 [Note] InnoDB: Mutexes and rw_locks use Windows interlocked functions
2019-05-31 13:22:05 2056 [Note] InnoDB: _mm_lfence() and _mm_sfence() are used for memory barrier
2019-05-31 13:22:05 2056 [Note] InnoDB: Compressed tables use zlib 1.2.11
2019-05-31 13:22:05 2056 [Note] InnoDB: Using generic crc32 instructions
2019-05-31 13:22:05 2056 [Note] InnoDB: Initializing buffer pool, size = 16.0M
2019-05-31 13:22:05 2056 [Note] InnoDB: Completed initialization of buffer pool
2019-05-31 13:22:05 2056 [Note] InnoDB: Highest supported file format is Barracuda.
2019-05-31 13:22:05 2056 [Note] InnoDB: The log sequence number 1835087 in ibdata file do not match the log sequence number 4516768 in the ib_logfiles!
2019-05-31 13:22:05 2056 [Note] InnoDB: Restoring possible half-written data pages from the doublewrite buffer...
2019-05-31 13:22:05 2056 [Note] InnoDB: 128 rollback segment(s) are active.
2019-05-31 13:22:05 2056 [Note] InnoDB: Waiting for purge to start
2019-05-31 13:22:05 2056 [Note] InnoDB:  Percona XtraDB (http://www.percona.com) 5.6.42-84.2 started; log sequence number 4516768
2019-05-31 13:22:05 2788 [Note] InnoDB: Dumping buffer pool(s) not yet started
2019-05-31 13:22:05 2056 [Note] Plugin 'FEEDBACK' is disabled.
2019-05-31 13:22:05 2056 [Note] Server socket created on IP: '::'.
2019-05-31 13:22:05 2056 [Note] c:\xampp\mysql\bin\mysqld.exe: ready for connections.
Version: '10.1.38-MariaDB'  socket: ''  port: 3306  mariadb.org binary distribution
